This is pdfTeX, Version 3.1415926-2.5-1.40.14 (TeX Live 2013/Debian) (format=pdflatex 2014.8.17)  29 APR 2015 23:03
entering extended mode
 restricted \write18 enabled.
 %&-line parsing enabled.
**refman.tex
(./refman.tex
LaTeX2e <2011/06/27>
Babel <3.9h> and hyphenation patterns for 78 languages loaded.
(/usr/share/texlive/texmf-dist/tex/latex/base/book.cls
Document Class: book 2007/10/19 v1.4h Standard LaTeX document class
(/usr/share/texlive/texmf-dist/tex/latex/base/bk10.clo
File: bk10.clo 2007/10/19 v1.4h Standard LaTeX file (size option)
)
\c@part=\count79
\c@chapter=\count80
\c@section=\count81
\c@subsection=\count82
\c@subsubsection=\count83
\c@paragraph=\count84
\c@subparagraph=\count85
\c@figure=\count86
\c@table=\count87
\abovecaptionskip=\skip41
\belowcaptionskip=\skip42
\bibindent=\dimen102
)
(/usr/share/texlive/texmf-dist/tex/latex/tools/calc.sty
Package: calc 2007/08/22 v4.3 Infix arithmetic (KKT,FJ)
\calc@Acount=\count88
\calc@Bcount=\count89
\calc@Adimen=\dimen103
\calc@Bdimen=\dimen104
\calc@Askip=\skip43
\calc@Bskip=\skip44
LaTeX Info: Redefining \setlength on input line 76.
LaTeX Info: Redefining \addtolength on input line 77.
\calc@Ccount=\count90
\calc@Cskip=\skip45
) (./doxygen.sty
Package: doxygen 

(/usr/share/texlive/texmf-dist/tex/latex/base/alltt.sty
Package: alltt 1997/06/16 v2.0g defines alltt environment
)
(/usr/share/texlive/texmf-dist/tex/latex/tools/array.sty
Package: array 2008/09/09 v2.4c Tabular extension package (FMi)
\col@sep=\dimen105
\extrarowheight=\dimen106
\NC@list=\toks14
\extratabsurround=\skip46
\backup@length=\skip47
)
(/usr/share/texlive/texmf-dist/tex/latex/float/float.sty
Package: float 2001/11/08 v1.3d Float enhancements (AL)
\c@float@type=\count91
\float@exts=\toks15
\float@box=\box26
\@float@everytoks=\toks16
\@floatcapt=\box27
)
(/usr/share/texlive/texmf-dist/tex/latex/base/ifthen.sty
Package: ifthen 2001/05/26 v1.1c Standard LaTeX ifthen package (DPC)
)
(/usr/share/texlive/texmf-dist/tex/latex/tools/verbatim.sty
Package: verbatim 2003/08/22 v1.5q LaTeX2e package for verbatim enhancements
\every@verbatim=\toks17
\verbatim@line=\toks18
\verbatim@in@stream=\read1
)
(/usr/share/texmf/tex/latex/xcolor/xcolor.sty
Package: xcolor 2007/01/21 v2.11 LaTeX color extensions (UK)

(/usr/share/texlive/texmf-dist/tex/latex/latexconfig/color.cfg
File: color.cfg 2007/01/18 v1.5 color configuration of teTeX/TeXLive
)
Package xcolor Info: Driver file: pdftex.def on input line 225.

(/usr/share/texlive/texmf-dist/tex/latex/pdftex-def/pdftex.def
File: pdftex.def 2011/05/27 v0.06d Graphics/color for pdfTeX

(/usr/share/texlive/texmf-dist/tex/generic/oberdiek/infwarerr.sty
Package: infwarerr 2010/04/08 v1.3 Providing info/warning/error messages (HO)
)
(/usr/share/texlive/texmf-dist/tex/generic/oberdiek/ltxcmds.sty
Package: ltxcmds 2011/11/09 v1.22 LaTeX kernel commands for general use (HO)
)
\Gread@gobject=\count92
)
(/usr/share/texlive/texmf-dist/tex/latex/colortbl/colortbl.sty
Package: colortbl 2012/02/13 v1.0a Color table columns (DPC)
\everycr=\toks19
\minrowclearance=\skip48
)
\rownum=\count93
Package xcolor Info: Model `cmy' substituted by `cmy0' on input line 1337.
Package xcolor Info: Model `hsb' substituted by `rgb' on input line 1341.
Package xcolor Info: Model `RGB' extended on input line 1353.
Package xcolor Info: Model `HTML' substituted by `rgb' on input line 1355.
Package xcolor Info: Model `Hsb' substituted by `hsb' on input line 1356.
Package xcolor Info: Model `tHsb' substituted by `hsb' on input line 1357.
Package xcolor Info: Model `HSB' substituted by `hsb' on input line 1358.
Package xcolor Info: Model `Gray' substituted by `gray' on input line 1359.
Package xcolor Info: Model `wave' substituted by `hsb' on input line 1360.
)
(/usr/share/texlive/texmf-dist/tex/latex/xtab/xtab.sty
Package: xtab 2011/07/31 v2.3f Extended supertabular package
\c@tracingst=\count94
\PWSTcapht=\dimen107
\ST@wd=\dimen108
\ST@rightskip=\skip49
\ST@leftskip=\skip50
\ST@parfillskip=\skip51
\c@PWSTtable=\count95
\PWSTlastpage=\count96
\PWSTpenultimate=\count97
\PWSTcurpage=\count98
\PWSTtempc=\count99
\PWSTlines=\count100
\PWST@lastht=\dimen109
\PWST@generalht=\dimen110
\PWST@ht=\dimen111
\ST@pageleft=\dimen112
\ST@headht=\dimen113
\ST@tailht=\dimen114
\ST@pagesofar=\dimen115
\ST@pboxht=\dimen116
\ST@lineht=\dimen117
\ST@stretchht=\dimen118
\ST@prevht=\dimen119
\ST@toadd=\dimen120
\ST@dimen=\dimen121
\ST@pbox=\box28
)
\xrefbox=\box29
\xreflength=\skip52
\tmplength=\skip53
)
(/usr/share/texlive/texmf-dist/tex/latex/graphics/graphicx.sty
Package: graphicx 1999/02/16 v1.0f Enhanced LaTeX Graphics (DPC,SPQR)

(/usr/share/texlive/texmf-dist/tex/latex/graphics/keyval.sty
Package: keyval 1999/03/16 v1.13 key=value parser (DPC)
\KV@toks@=\toks20
)
(/usr/share/texlive/texmf-dist/tex/latex/graphics/graphics.sty
Package: graphics 2009/02/05 v1.0o Standard LaTeX Graphics (DPC,SPQR)

(/usr/share/texlive/texmf-dist/tex/latex/graphics/trig.sty
Package: trig 1999/03/16 v1.09 sin cos tan (DPC)
)
(/usr/share/texlive/texmf-dist/tex/latex/latexconfig/graphics.cfg
File: graphics.cfg 2010/04/23 v1.9 graphics configuration of TeX Live
)
Package graphics Info: Driver file: pdftex.def on input line 91.
)
\Gin@req@height=\dimen122
\Gin@req@width=\dimen123
)
(/usr/share/texlive/texmf-dist/tex/latex/base/inputenc.sty
Package: inputenc 2008/03/30 v1.1d Input encoding file
\inpenc@prehook=\toks21
\inpenc@posthook=\toks22

(/usr/share/texlive/texmf-dist/tex/latex/base/utf8.def
File: utf8.def 2008/04/05 v1.1m UTF-8 support for inputenc
Now handling font encoding OML ...
... no UTF-8 mapping file for font encoding OML
Now handling font encoding T1 ...
... processing UTF-8 mapping file for font encoding T1

(/usr/share/texlive/texmf-dist/tex/latex/base/t1enc.dfu
File: t1enc.dfu 2008/04/05 v1.1m UTF-8 support for inputenc
   defining Unicode char U+00A1 (decimal 161)
   defining Unicode char U+00A3 (decimal 163)
   defining Unicode char U+00AB (decimal 171)
   defining Unicode char U+00BB (decimal 187)
   defining Unicode char U+00BF (decimal 191)
   defining Unicode char U+00C0 (decimal 192)
   defining Unicode char U+00C1 (decimal 193)
   defining Unicode char U+00C2 (decimal 194)
   defining Unicode char U+00C3 (decimal 195)
   defining Unicode char U+00C4 (decimal 196)
   defining Unicode char U+00C5 (decimal 197)
   defining Unicode char U+00C6 (decimal 198)
   defining Unicode char U+00C7 (decimal 199)
   defining Unicode char U+00C8 (decimal 200)
   defining Unicode char U+00C9 (decimal 201)
   defining Unicode char U+00CA (decimal 202)
   defining Unicode char U+00CB (decimal 203)
   defining Unicode char U+00CC (decimal 204)
   defining Unicode char U+00CD (decimal 205)
   defining Unicode char U+00CE (decimal 206)
   defining Unicode char U+00CF (decimal 207)
   defining Unicode char U+00D0 (decimal 208)
   defining Unicode char U+00D1 (decimal 209)
   defining Unicode char U+00D2 (decimal 210)
   defining Unicode char U+00D3 (decimal 211)
   defining Unicode char U+00D4 (decimal 212)
   defining Unicode char U+00D5 (decimal 213)
   defining Unicode char U+00D6 (decimal 214)
   defining Unicode char U+00D8 (decimal 216)
   defining Unicode char U+00D9 (decimal 217)
   defining Unicode char U+00DA (decimal 218)
   defining Unicode char U+00DB (decimal 219)
   defining Unicode char U+00DC (decimal 220)
   defining Unicode char U+00DD (decimal 221)
   defining Unicode char U+00DE (decimal 222)
   defining Unicode char U+00DF (decimal 223)
   defining Unicode char U+00E0 (decimal 224)
   defining Unicode char U+00E1 (decimal 225)
   defining Unicode char U+00E2 (decimal 226)
   defining Unicode char U+00E3 (decimal 227)
   defining Unicode char U+00E4 (decimal 228)
   defining Unicode char U+00E5 (decimal 229)
   defining Unicode char U+00E6 (decimal 230)
   defining Unicode char U+00E7 (decimal 231)
   defining Unicode char U+00E8 (decimal 232)
   defining Unicode char U+00E9 (decimal 233)
   defining Unicode char U+00EA (decimal 234)
   defining Unicode char U+00EB (decimal 235)
   defining Unicode char U+00EC (decimal 236)
   defining Unicode char U+00ED (decimal 237)
   defining Unicode char U+00EE (decimal 238)
   defining Unicode char U+00EF (decimal 239)
   defining Unicode char U+00F0 (decimal 240)
   defining Unicode char U+00F1 (decimal 241)
   defining Unicode char U+00F2 (decimal 242)
   defining Unicode char U+00F3 (decimal 243)
   defining Unicode char U+00F4 (decimal 244)
   defining Unicode char U+00F5 (decimal 245)
   defining Unicode char U+00F6 (decimal 246)
   defining Unicode char U+00F8 (decimal 248)
   defining Unicode char U+00F9 (decimal 249)
   defining Unicode char U+00FA (decimal 250)
   defining Unicode char U+00FB (decimal 251)
   defining Unicode char U+00FC (decimal 252)
   defining Unicode char U+00FD (decimal 253)
   defining Unicode char U+00FE (decimal 254)
   defining Unicode char U+00FF (decimal 255)
   defining Unicode char U+0102 (decimal 258)
   defining Unicode char U+0103 (decimal 259)
   defining Unicode char U+0104 (decimal 260)
   defining Unicode char U+0105 (decimal 261)
   defining Unicode char U+0106 (decimal 262)
   defining Unicode char U+0107 (decimal 263)
   defining Unicode char U+010C (decimal 268)
   defining Unicode char U+010D (decimal 269)
   defining Unicode char U+010E (decimal 270)
   defining Unicode char U+010F (decimal 271)
   defining Unicode char U+0110 (decimal 272)
   defining Unicode char U+0111 (decimal 273)
   defining Unicode char U+0118 (decimal 280)
   defining Unicode char U+0119 (decimal 281)
   defining Unicode char U+011A (decimal 282)
   defining Unicode char U+011B (decimal 283)
   defining Unicode char U+011E (decimal 286)
   defining Unicode char U+011F (decimal 287)
   defining Unicode char U+0130 (decimal 304)
   defining Unicode char U+0131 (decimal 305)
   defining Unicode char U+0132 (decimal 306)
   defining Unicode char U+0133 (decimal 307)
   defining Unicode char U+0139 (decimal 313)
   defining Unicode char U+013A (decimal 314)
   defining Unicode char U+013D (decimal 317)
   defining Unicode char U+013E (decimal 318)
   defining Unicode char U+0141 (decimal 321)
   defining Unicode char U+0142 (decimal 322)
   defining Unicode char U+0143 (decimal 323)
   defining Unicode char U+0144 (decimal 324)
   defining Unicode char U+0147 (decimal 327)
   defining Unicode char U+0148 (decimal 328)
   defining Unicode char U+014A (decimal 330)
   defining Unicode char U+014B (decimal 331)
   defining Unicode char U+0150 (decimal 336)
   defining Unicode char U+0151 (decimal 337)
   defining Unicode char U+0152 (decimal 338)
   defining Unicode char U+0153 (decimal 339)
   defining Unicode char U+0154 (decimal 340)
   defining Unicode char U+0155 (decimal 341)
   defining Unicode char U+0158 (decimal 344)
   defining Unicode char U+0159 (decimal 345)
   defining Unicode char U+015A (decimal 346)
   defining Unicode char U+015B (decimal 347)
   defining Unicode char U+015E (decimal 350)
   defining Unicode char U+015F (decimal 351)
   defining Unicode char U+0160 (decimal 352)
   defining Unicode char U+0161 (decimal 353)
   defining Unicode char U+0162 (decimal 354)
   defining Unicode char U+0163 (decimal 355)
   defining Unicode char U+0164 (decimal 356)
   defining Unicode char U+0165 (decimal 357)
   defining Unicode char U+016E (decimal 366)
   defining Unicode char U+016F (decimal 367)
   defining Unicode char U+0170 (decimal 368)
   defining Unicode char U+0171 (decimal 369)
   defining Unicode char U+0178 (decimal 376)
   defining Unicode char U+0179 (decimal 377)
   defining Unicode char U+017A (decimal 378)
   defining Unicode char U+017B (decimal 379)
   defining Unicode char U+017C (decimal 380)
   defining Unicode char U+017D (decimal 381)
   defining Unicode char U+017E (decimal 382)
   defining Unicode char U+200C (decimal 8204)
   defining Unicode char U+2013 (decimal 8211)
   defining Unicode char U+2014 (decimal 8212)
   defining Unicode char U+2018 (decimal 8216)
   defining Unicode char U+2019 (decimal 8217)
   defining Unicode char U+201A (decimal 8218)
   defining Unicode char U+201C (decimal 8220)
   defining Unicode char U+201D (decimal 8221)
   defining Unicode char U+201E (decimal 8222)
   defining Unicode char U+2030 (decimal 8240)
   defining Unicode char U+2031 (decimal 8241)
   defining Unicode char U+2039 (decimal 8249)
   defining Unicode char U+203A (decimal 8250)
   defining Unicode char U+2423 (decimal 9251)
)
Now handling font encoding OT1 ...
... processing UTF-8 mapping file for font encoding OT1

(/usr/share/texlive/texmf-dist/tex/latex/base/ot1enc.dfu
File: ot1enc.dfu 2008/04/05 v1.1m UTF-8 support for inputenc
   defining Unicode char U+00A1 (decimal 161)
   defining Unicode char U+00A3 (decimal 163)
   defining Unicode char U+00B8 (decimal 184)
   defining Unicode char U+00BF (decimal 191)
   defining Unicode char U+00C5 (decimal 197)
   defining Unicode char U+00C6 (decimal 198)
   defining Unicode char U+00D8 (decimal 216)
   defining Unicode char U+00DF (decimal 223)
   defining Unicode char U+00E6 (decimal 230)
   defining Unicode char U+00EC (decimal 236)
   defining Unicode char U+00ED (decimal 237)
   defining Unicode char U+00EE (decimal 238)
   defining Unicode char U+00EF (decimal 239)
   defining Unicode char U+00F8 (decimal 248)
   defining Unicode char U+0131 (decimal 305)
   defining Unicode char U+0141 (decimal 321)
   defining Unicode char U+0142 (decimal 322)
   defining Unicode char U+0152 (decimal 338)
   defining Unicode char U+0153 (decimal 339)
   defining Unicode char U+2013 (decimal 8211)
   defining Unicode char U+2014 (decimal 8212)
   defining Unicode char U+2018 (decimal 8216)
   defining Unicode char U+2019 (decimal 8217)
   defining Unicode char U+201C (decimal 8220)
   defining Unicode char U+201D (decimal 8221)
)
Now handling font encoding OMS ...
... processing UTF-8 mapping file for font encoding OMS

(/usr/share/texlive/texmf-dist/tex/latex/base/omsenc.dfu
File: omsenc.dfu 2008/04/05 v1.1m UTF-8 support for inputenc
   defining Unicode char U+00A7 (decimal 167)
   defining Unicode char U+00B6 (decimal 182)
   defining Unicode char U+00B7 (decimal 183)
   defining Unicode char U+2020 (decimal 8224)
   defining Unicode char U+2021 (decimal 8225)
   defining Unicode char U+2022 (decimal 8226)
)
Now handling font encoding OMX ...
... no UTF-8 mapping file for font encoding OMX
Now handling font encoding U ...
... no UTF-8 mapping file for font encoding U
   defining Unicode char U+00A9 (decimal 169)
   defining Unicode char U+00AA (decimal 170)
   defining Unicode char U+00AE (decimal 174)
   defining Unicode char U+00BA (decimal 186)
   defining Unicode char U+02C6 (decimal 710)
   defining Unicode char U+02DC (decimal 732)
   defining Unicode char U+200C (decimal 8204)
   defining Unicode char U+2026 (decimal 8230)
   defining Unicode char U+2122 (decimal 8482)
   defining Unicode char U+2423 (decimal 9251)
))
(/usr/share/texlive/texmf-dist/tex/latex/base/makeidx.sty
Package: makeidx 2000/03/29 v1.0m Standard LaTeX package
)
(/usr/share/texlive/texmf-dist/tex/latex/tools/multicol.sty
Package: multicol 2011/06/27 v1.7a multicolumn formatting (FMi)
\c@tracingmulticols=\count101
\mult@box=\box30
\multicol@leftmargin=\dimen124
\c@unbalance=\count102
\c@collectmore=\count103
\doublecol@number=\count104
\multicoltolerance=\count105
\multicolpretolerance=\count106
\full@width=\dimen125
\page@free=\dimen126
\premulticols=\dimen127
\postmulticols=\dimen128
\multicolsep=\skip54
\multicolbaselineskip=\skip55
\partial@page=\box31
\last@line=\box32
\mult@rightbox=\box33
\mult@grightbox=\box34
\mult@gfirstbox=\box35
\mult@firstbox=\box36
\@tempa=\box37
\@tempa=\box38
\@tempa=\box39
\@tempa=\box40
\@tempa=\box41
\@tempa=\box42
\@tempa=\box43
\@tempa=\box44
\@tempa=\box45
\@tempa=\box46
\@tempa=\box47
\@tempa=\box48
\@tempa=\box49
\@tempa=\box50
\@tempa=\box51
\@tempa=\box52
\@tempa=\box53
\c@columnbadness=\count107
\c@finalcolumnbadness=\count108
\last@try=\dimen129
\multicolovershoot=\dimen130
\multicolundershoot=\dimen131
\mult@nat@firstbox=\box54
\colbreak@box=\box55
\multicol@sort@counter=\count109
)
(/usr/share/texlive/texmf-dist/tex/latex/multirow/multirow.sty
\bigstrutjot=\dimen132
)
(/usr/share/texlive/texmf-dist/tex/latex/base/textcomp.sty
Package: textcomp 2005/09/27 v1.99g Standard LaTeX package
Package textcomp Info: Sub-encoding information:
(textcomp)               5 = only ISO-Adobe without \textcurrency
(textcomp)               4 = 5 + \texteuro
(textcomp)               3 = 4 + \textohm
(textcomp)               2 = 3 + \textestimated + \textcurrency
(textcomp)               1 = TS1 - \textcircled - \t
(textcomp)               0 = TS1 (full)
(textcomp)             Font families with sub-encoding setting implement
(textcomp)             only a restricted character set as indicated.
(textcomp)             Family '?' is the default used for unknown fonts.
(textcomp)             See the documentation for details.
Package textcomp Info: Setting ? sub-encoding to TS1/1 on input line 71.

(/usr/share/texlive/texmf-dist/tex/latex/base/ts1enc.def
File: ts1enc.def 2001/06/05 v3.0e (jk/car/fm) Standard LaTeX file
Now handling font encoding TS1 ...
... processing UTF-8 mapping file for font encoding TS1

(/usr/share/texlive/texmf-dist/tex/latex/base/ts1enc.dfu
File: ts1enc.dfu 2008/04/05 v1.1m UTF-8 support for inputenc
   defining Unicode char U+00A2 (decimal 162)
   defining Unicode char U+00A3 (decimal 163)
   defining Unicode char U+00A4 (decimal 164)
   defining Unicode char U+00A5 (decimal 165)
   defining Unicode char U+00A6 (decimal 166)
   defining Unicode char U+00A7 (decimal 167)
   defining Unicode char U+00A8 (decimal 168)
   defining Unicode char U+00A9 (decimal 169)
   defining Unicode char U+00AA (decimal 170)
   defining Unicode char U+00AC (decimal 172)
   defining Unicode char U+00AE (decimal 174)
   defining Unicode char U+00AF (decimal 175)
   defining Unicode char U+00B0 (decimal 176)
   defining Unicode char U+00B1 (decimal 177)
   defining Unicode char U+00B2 (decimal 178)
   defining Unicode char U+00B3 (decimal 179)
   defining Unicode char U+00B4 (decimal 180)
   defining Unicode char U+00B5 (decimal 181)
   defining Unicode char U+00B6 (decimal 182)
   defining Unicode char U+00B7 (decimal 183)
   defining Unicode char U+00B9 (decimal 185)
   defining Unicode char U+00BA (decimal 186)
   defining Unicode char U+00BC (decimal 188)
   defining Unicode char U+00BD (decimal 189)
   defining Unicode char U+00BE (decimal 190)
   defining Unicode char U+00D7 (decimal 215)
   defining Unicode char U+00F7 (decimal 247)
   defining Unicode char U+0192 (decimal 402)
   defining Unicode char U+02C7 (decimal 711)
   defining Unicode char U+02D8 (decimal 728)
   defining Unicode char U+02DD (decimal 733)
   defining Unicode char U+0E3F (decimal 3647)
   defining Unicode char U+2016 (decimal 8214)
   defining Unicode char U+2020 (decimal 8224)
   defining Unicode char U+2021 (decimal 8225)
   defining Unicode char U+2022 (decimal 8226)
   defining Unicode char U+2030 (decimal 8240)
   defining Unicode char U+2031 (decimal 8241)
   defining Unicode char U+203B (decimal 8251)
   defining Unicode char U+203D (decimal 8253)
   defining Unicode char U+2044 (decimal 8260)
   defining Unicode char U+204E (decimal 8270)
   defining Unicode char U+2052 (decimal 8274)
   defining Unicode char U+20A1 (decimal 8353)
   defining Unicode char U+20A4 (decimal 8356)
   defining Unicode char U+20A6 (decimal 8358)
   defining Unicode char U+20A9 (decimal 8361)
   defining Unicode char U+20AB (decimal 8363)
   defining Unicode char U+20AC (decimal 8364)
   defining Unicode char U+20B1 (decimal 8369)
   defining Unicode char U+2103 (decimal 8451)
   defining Unicode char U+2116 (decimal 8470)
   defining Unicode char U+2117 (decimal 8471)
   defining Unicode char U+211E (decimal 8478)
   defining Unicode char U+2120 (decimal 8480)
   defining Unicode char U+2122 (decimal 8482)
   defining Unicode char U+2126 (decimal 8486)
   defining Unicode char U+2127 (decimal 8487)
   defining Unicode char U+212E (decimal 8494)
   defining Unicode char U+2190 (decimal 8592)
   defining Unicode char U+2191 (decimal 8593)
   defining Unicode char U+2192 (decimal 8594)
   defining Unicode char U+2193 (decimal 8595)
   defining Unicode char U+2329 (decimal 9001)
   defining Unicode char U+232A (decimal 9002)
   defining Unicode char U+2422 (decimal 9250)
   defining Unicode char U+25E6 (decimal 9702)
   defining Unicode char U+25EF (decimal 9711)
   defining Unicode char U+266A (decimal 9834)
))
LaTeX Info: Redefining \oldstylenums on input line 266.
Package textcomp Info: Setting cmr sub-encoding to TS1/0 on input line 281.
Package textcomp Info: Setting cmss sub-encoding to TS1/0 on input line 282.
Package textcomp Info: Setting cmtt sub-encoding to TS1/0 on input line 283.
Package textcomp Info: Setting cmvtt sub-encoding to TS1/0 on input line 284.
Package textcomp Info: Setting cmbr sub-encoding to TS1/0 on input line 285.
Package textcomp Info: Setting cmtl sub-encoding to TS1/0 on input line 286.
Package textcomp Info: Setting ccr sub-encoding to TS1/0 on input line 287.
Package textcomp Info: Setting ptm sub-encoding to TS1/4 on input line 288.
Package textcomp Info: Setting pcr sub-encoding to TS1/4 on input line 289.
Package textcomp Info: Setting phv sub-encoding to TS1/4 on input line 290.
Package textcomp Info: Setting ppl sub-encoding to TS1/3 on input line 291.
Package textcomp Info: Setting pag sub-encoding to TS1/4 on input line 292.
Package textcomp Info: Setting pbk sub-encoding to TS1/4 on input line 293.
Package textcomp Info: Setting pnc sub-encoding to TS1/4 on input line 294.
Package textcomp Info: Setting pzc sub-encoding to TS1/4 on input line 295.
Package textcomp Info: Setting bch sub-encoding to TS1/4 on input line 296.
Package textcomp Info: Setting put sub-encoding to TS1/5 on input line 297.
Package textcomp Info: Setting uag sub-encoding to TS1/5 on input line 298.
Package textcomp Info: Setting ugq sub-encoding to TS1/5 on input line 299.
Package textcomp Info: Setting ul8 sub-encoding to TS1/4 on input line 300.
Package textcomp Info: Setting ul9 sub-encoding to TS1/4 on input line 301.
Package textcomp Info: Setting augie sub-encoding to TS1/5 on input line 302.
Package textcomp Info: Setting dayrom sub-encoding to TS1/3 on input line 303.
Package textcomp Info: Setting dayroms sub-encoding to TS1/3 on input line 304.

Package textcomp Info: Setting pxr sub-encoding to TS1/0 on input line 305.
Package textcomp Info: Setting pxss sub-encoding to TS1/0 on input line 306.
Package textcomp Info: Setting pxtt sub-encoding to TS1/0 on input line 307.
Package textcomp Info: Setting txr sub-encoding to TS1/0 on input line 308.
Package textcomp Info: Setting txss sub-encoding to TS1/0 on input line 309.
Package textcomp Info: Setting txtt sub-encoding to TS1/0 on input line 310.
Package textcomp Info: Setting lmr sub-encoding to TS1/0 on input line 311.
Package textcomp Info: Setting lmdh sub-encoding to TS1/0 on input line 312.
Package textcomp Info: Setting lmss sub-encoding to TS1/0 on input line 313.
Package textcomp Info: Setting lmssq sub-encoding to TS1/0 on input line 314.
Package textcomp Info: Setting lmvtt sub-encoding to TS1/0 on input line 315.
Package textcomp Info: Setting qhv sub-encoding to TS1/0 on input line 316.
Package textcomp Info: Setting qag sub-encoding to TS1/0 on input line 317.
Package textcomp Info: Setting qbk sub-encoding to TS1/0 on input line 318.
Package textcomp Info: Setting qcr sub-encoding to TS1/0 on input line 319.
Package textcomp Info: Setting qcs sub-encoding to TS1/0 on input line 320.
Package textcomp Info: Setting qpl sub-encoding to TS1/0 on input line 321.
Package textcomp Info: Setting qtm sub-encoding to TS1/0 on input line 322.
Package textcomp Info: Setting qzc sub-encoding to TS1/0 on input line 323.
Package textcomp Info: Setting qhvc sub-encoding to TS1/0 on input line 324.
Package textcomp Info: Setting futs sub-encoding to TS1/4 on input line 325.
Package textcomp Info: Setting futx sub-encoding to TS1/4 on input line 326.
Package textcomp Info: Setting futj sub-encoding to TS1/4 on input line 327.
Package textcomp Info: Setting hlh sub-encoding to TS1/3 on input line 328.
Package textcomp Info: Setting hls sub-encoding to TS1/3 on input line 329.
Package textcomp Info: Setting hlst sub-encoding to TS1/3 on input line 330.
Package textcomp Info: Setting hlct sub-encoding to TS1/5 on input line 331.
Package textcomp Info: Setting hlx sub-encoding to TS1/5 on input line 332.
Package textcomp Info: Setting hlce sub-encoding to TS1/5 on input line 333.
Package textcomp Info: Setting hlcn sub-encoding to TS1/5 on input line 334.
Package textcomp Info: Setting hlcw sub-encoding to TS1/5 on input line 335.
Package textcomp Info: Setting hlcf sub-encoding to TS1/5 on input line 336.
Package textcomp Info: Setting pplx sub-encoding to TS1/3 on input line 337.
Package textcomp Info: Setting pplj sub-encoding to TS1/3 on input line 338.
Package textcomp Info: Setting ptmx sub-encoding to TS1/4 on input line 339.
Package textcomp Info: Setting ptmj sub-encoding to TS1/4 on input line 340.
)
(/usr/share/texlive/texmf-dist/tex/latex/polski/polski.sty
Package: polski 2008/02/24 v1.3.3 Polish language package

Document language package `polski' v1.3.3 <2008/02/24>
   Inputenc package detected. Catcodes not changed.
   Switching to Polish text encoding and Polish maths fonts.
(/usr/share/texlive/texmf-dist/tex/latex/base/ot4enc.def
File: ot4enc.def 2005/09/27 v1.99g Standard LaTeX file
Now handling font encoding OT4 ...
... no UTF-8 mapping file for font encoding OT4
)
LaTeX Font Info:    Try loading font information for OT4+cmr on input line 346.


(/usr/share/texlive/texmf-dist/tex/latex/polski/ot4cmr.fd
File: ot4cmr.fd 2008/02/24 v1.2.1 Font defs for fonts PL (MW)
)
LaTeX Font Info:    Overwriting math alphabet `\mathbf' in version `normal'
(Font)                  OT1/cmr/bx/n --> OT4/cmr/bx/n on input line 346.
LaTeX Font Info:    Overwriting math alphabet `\mathsf' in version `normal'
(Font)                  OT1/cmss/m/n --> OT4/cmss/m/n on input line 346.
LaTeX Font Info:    Overwriting math alphabet `\mathit' in version `normal'
(Font)                  OT1/cmr/m/it --> OT4/cmr/m/it on input line 346.
LaTeX Font Info:    Overwriting math alphabet `\mathtt' in version `normal'
(Font)                  OT1/cmtt/m/n --> OT4/cmtt/m/n on input line 346.
LaTeX Font Info:    Overwriting math alphabet `\mathsf' in version `bold'
(Font)                  OT1/cmss/bx/n --> OT4/cmss/bx/n on input line 346.
LaTeX Font Info:    Overwriting math alphabet `\mathit' in version `bold'
(Font)                  OT1/cmr/bx/it --> OT4/cmr/bx/it on input line 346.
LaTeX Font Info:    Encoding `OT1' has changed to `OT4' for symbol font
(Font)              `operators' in the math version `normal' on input line 346.

LaTeX Font Info:    Overwriting symbol font `operators' in version `normal'
(Font)                  OT1/cmr/m/n --> OT4/cmr/m/n on input line 346.
LaTeX Font Info:    Overwriting symbol font `letters' in version `normal'
(Font)                  OML/cmm/m/it --> OML/plm/m/it on input line 346.
LaTeX Font Info:    Overwriting symbol font `symbols' in version `normal'
(Font)                  OMS/cmsy/m/n --> OMS/plsy/m/n on input line 346.
LaTeX Font Info:    Overwriting symbol font `largesymbols' in version `normal'
(Font)                  OMX/cmex/m/n --> OMX/plex/m/n on input line 346.
LaTeX Font Info:    Encoding `OT1' has changed to `OT4' for symbol font
(Font)              `operators' in the math version `bold' on input line 346.
LaTeX Font Info:    Overwriting symbol font `operators' in version `bold'
(Font)                  OT1/cmr/bx/n --> OT4/cmr/bx/n on input line 346.
LaTeX Font Info:    Overwriting symbol font `letters' in version `bold'
(Font)                  OML/cmm/b/it --> OML/plm/b/it on input line 346.
LaTeX Font Info:    Overwriting symbol font `symbols' in version `bold'
(Font)                  OMS/cmsy/b/n --> OMS/plsy/b/n on input line 346.
)
(/usr/share/texlive/texmf-dist/tex/latex/base/fontenc.sty
Package: fontenc 2005/09/27 v1.99g Standard LaTeX package

(/usr/share/texlive/texmf-dist/tex/latex/base/t1enc.def
File: t1enc.def 2005/09/27 v1.99g Standard LaTeX file
LaTeX Font Info:    Redeclaring font encoding T1 on input line 43.
))
(/usr/share/texlive/texmf-dist/tex/latex/base/fontenc.sty
Package: fontenc 2005/09/27 v1.99g Standard LaTeX package

(/usr/share/texlive/texmf-dist/tex/latex/base/t1enc.def
File: t1enc.def 2005/09/27 v1.99g Standard LaTeX file
LaTeX Font Info:    Redeclaring font encoding T1 on input line 43.
))
(/usr/share/texlive/texmf-dist/tex/latex/psnfss/mathptmx.sty
Package: mathptmx 2005/04/12 PSNFSS-v9.2a Times w/ Math, improved (SPQR, WaS) 
LaTeX Font Info:    Redeclaring symbol font `operators' on input line 28.
LaTeX Font Info:    Encoding `OT4' has changed to `OT1' for symbol font
(Font)              `operators' in the math version `normal' on input line 28.
LaTeX Font Info:    Overwriting symbol font `operators' in version `normal'
(Font)                  OT4/cmr/m/n --> OT1/ztmcm/m/n on input line 28.
LaTeX Font Info:    Encoding `OT4' has changed to `OT1' for symbol font
(Font)              `operators' in the math version `bold' on input line 28.
LaTeX Font Info:    Overwriting symbol font `operators' in version `bold'
(Font)                  OT4/cmr/bx/n --> OT1/ztmcm/m/n on input line 28.
LaTeX Font Info:    Redeclaring symbol font `letters' on input line 29.
LaTeX Font Info:    Overwriting symbol font `letters' in version `normal'
(Font)                  OML/plm/m/it --> OML/ztmcm/m/it on input line 29.
LaTeX Font Info:    Overwriting symbol font `letters' in version `bold'
(Font)                  OML/plm/b/it --> OML/ztmcm/m/it on input line 29.
LaTeX Font Info:    Redeclaring symbol font `symbols' on input line 30.
LaTeX Font Info:    Overwriting symbol font `symbols' in version `normal'
(Font)                  OMS/plsy/m/n --> OMS/ztmcm/m/n on input line 30.
LaTeX Font Info:    Overwriting symbol font `symbols' in version `bold'
(Font)                  OMS/plsy/b/n --> OMS/ztmcm/m/n on input line 30.
LaTeX Font Info:    Redeclaring symbol font `largesymbols' on input line 31.
LaTeX Font Info:    Overwriting symbol font `largesymbols' in version `normal'
(Font)                  OMX/plex/m/n --> OMX/ztmcm/m/n on input line 31.
LaTeX Font Info:    Overwriting symbol font `largesymbols' in version `bold'
(Font)                  OMX/cmex/m/n --> OMX/ztmcm/m/n on input line 31.
\symbold=\mathgroup4
\symitalic=\mathgroup5
LaTeX Font Info:    Redeclaring math alphabet \mathbf on input line 34.
LaTeX Font Info:    Overwriting math alphabet `\mathbf' in version `normal'
(Font)                  OT4/cmr/bx/n --> OT1/ptm/bx/n on input line 34.
LaTeX Font Info:    Overwriting math alphabet `\mathbf' in version `bold'
(Font)                  OT1/cmr/bx/n --> OT1/ptm/bx/n on input line 34.
LaTeX Font Info:    Redeclaring math alphabet \mathit on input line 35.
LaTeX Font Info:    Overwriting math alphabet `\mathit' in version `normal'
(Font)                  OT4/cmr/m/it --> OT1/ptm/m/it on input line 35.
LaTeX Font Info:    Overwriting math alphabet `\mathit' in version `bold'
(Font)                  OT4/cmr/bx/it --> OT1/ptm/m/it on input line 35.
LaTeX Info: Redefining \hbar on input line 50.
)
(/usr/share/texlive/texmf-dist/tex/latex/psnfss/helvet.sty
Package: helvet 2005/04/12 PSNFSS-v9.2a (WaS) 
)
(/usr/share/texlive/texmf-dist/tex/latex/psnfss/courier.sty
Package: courier 2005/04/12 PSNFSS-v9.2a (WaS) 
)
(/usr/share/texlive/texmf-dist/tex/latex/amsfonts/amssymb.sty
Package: amssymb 2013/01/14 v3.01 AMS font symbols

(/usr/share/texlive/texmf-dist/tex/latex/amsfonts/amsfonts.sty
Package: amsfonts 2013/01/14 v3.01 Basic AMSFonts support
\@emptytoks=\toks23
\symAMSa=\mathgroup6
\symAMSb=\mathgroup7
LaTeX Font Info:    Overwriting math alphabet `\mathfrak' in version `bold'
(Font)                  U/euf/m/n --> U/euf/b/n on input line 106.
))
(/usr/share/texlive/texmf-dist/tex/latex/sectsty/sectsty.sty
Package: sectsty 2002/02/25 v2.0.2 Commands to change all sectional heading sty
les
)
(/usr/share/texlive/texmf-dist/tex/latex/geometry/geometry.sty
Package: geometry 2010/09/12 v5.6 Page Geometry

(/usr/share/texlive/texmf-dist/tex/generic/oberdiek/ifpdf.sty
Package: ifpdf 2011/01/30 v2.3 Provides the ifpdf switch (HO)
Package ifpdf Info: pdfTeX in PDF mode is detected.
)
(/usr/share/texlive/texmf-dist/tex/generic/oberdiek/ifvtex.sty
Package: ifvtex 2010/03/01 v1.5 Detect VTeX and its facilities (HO)
Package ifvtex Info: VTeX not detected.
)
(/usr/share/texlive/texmf-dist/tex/generic/ifxetex/ifxetex.sty
Package: ifxetex 2010/09/12 v0.6 Provides ifxetex conditional
)
\Gm@cnth=\count110
\Gm@cntv=\count111
\c@Gm@tempcnt=\count112
\Gm@bindingoffset=\dimen133
\Gm@wd@mp=\dimen134
\Gm@odd@mp=\dimen135
\Gm@even@mp=\dimen136
\Gm@layoutwidth=\dimen137
\Gm@layoutheight=\dimen138
\Gm@layouthoffset=\dimen139
\Gm@layoutvoffset=\dimen140
\Gm@dimlist=\toks24
)
(/usr/share/texlive/texmf-dist/tex/latex/fancyhdr/fancyhdr.sty
\fancy@headwidth=\skip56
\f@ncyO@elh=\skip57
\f@ncyO@erh=\skip58
\f@ncyO@olh=\skip59
\f@ncyO@orh=\skip60
\f@ncyO@elf=\skip61
\f@ncyO@erf=\skip62
\f@ncyO@olf=\skip63
\f@ncyO@orf=\skip64
)
(/usr/share/texlive/texmf-dist/tex/latex/natbib/natbib.sty
Package: natbib 2010/09/13 8.31b (PWD, AO)
\bibhang=\skip65
\bibsep=\skip66
LaTeX Info: Redefining \cite on input line 694.
\c@NAT@ctr=\count113
)
(/usr/share/texlive/texmf-dist/tex/latex/tocloft/tocloft.sty
Package: tocloft 2013/05/02 v2.3f parameterised ToC, etc., typesetting
Package tocloft Info: The document has chapter divisions on input line 44.
\cftparskip=\skip67
\cftbeforetoctitleskip=\skip68
\cftaftertoctitleskip=\skip69
\cftbeforepartskip=\skip70
\cftpartnumwidth=\skip71
\cftpartindent=\skip72
\cftbeforechapskip=\skip73
\cftchapindent=\skip74
\cftchapnumwidth=\skip75
\cftbeforesecskip=\skip76
\cftsecindent=\skip77
\cftsecnumwidth=\skip78
\cftbeforesubsecskip=\skip79
\cftsubsecindent=\skip80
\cftsubsecnumwidth=\skip81
\cftbeforesubsubsecskip=\skip82
\cftsubsubsecindent=\skip83
\cftsubsubsecnumwidth=\skip84
\cftbeforeparaskip=\skip85
\cftparaindent=\skip86
\cftparanumwidth=\skip87
\cftbeforesubparaskip=\skip88
\cftsubparaindent=\skip89
\cftsubparanumwidth=\skip90
\cftbeforeloftitleskip=\skip91
\cftafterloftitleskip=\skip92
\cftbeforefigskip=\skip93
\cftfigindent=\skip94
\cftfignumwidth=\skip95
\c@lofdepth=\count114
\c@lotdepth=\count115
\cftbeforelottitleskip=\skip96
\cftafterlottitleskip=\skip97
\cftbeforetabskip=\skip98
\cfttabindent=\skip99
\cfttabnumwidth=\skip100
)
\@indexfile=\write3
\openout3 = `refman.idx'.


Writing index file refman.idx
(./refman.aux)
\openout1 = `refman.aux'.

LaTeX Font Info:    Checking defaults for OML/cmm/m/it on input line 101.
LaTeX Font Info:    ... okay on input line 101.
LaTeX Font Info:    Checking defaults for T1/cmr/m/n on input line 101.
LaTeX Font Info:    ... okay on input line 101.
LaTeX Font Info:    Checking defaults for OT1/cmr/m/n on input line 101.
LaTeX Font Info:    ... okay on input line 101.
LaTeX Font Info:    Checking defaults for OMS/cmsy/m/n on input line 101.
LaTeX Font Info:    ... okay on input line 101.
LaTeX Font Info:    Checking defaults for OMX/cmex/m/n on input line 101.
LaTeX Font Info:    ... okay on input line 101.
LaTeX Font Info:    Checking defaults for U/cmr/m/n on input line 101.
LaTeX Font Info:    ... okay on input line 101.
LaTeX Font Info:    Checking defaults for TS1/cmr/m/n on input line 101.
LaTeX Font Info:    Try loading font information for TS1+cmr on input line 101.

 (/usr/share/texlive/texmf-dist/tex/latex/base/ts1cmr.fd
File: ts1cmr.fd 1999/05/25 v2.5h Standard LaTeX font definitions
)
LaTeX Font Info:    ... okay on input line 101.
LaTeX Font Info:    Checking defaults for OT4/cmr/m/n on input line 101.
LaTeX Font Info:    ... okay on input line 101.
LaTeX Font Info:    Try loading font information for T1+phv on input line 101.

(/usr/share/texlive/texmf-dist/tex/latex/psnfss/t1phv.fd
File: t1phv.fd 2001/06/04 scalable font definitions for T1/phv.
)
LaTeX Font Info:    Font shape `T1/phv/m/n' will be
(Font)              scaled to size 8.99994pt on input line 101.

(/usr/share/texlive/texmf-dist/tex/context/base/supp-pdf.mkii
[Loading MPS to PDF converter (version 2006.09.02).]
\scratchcounter=\count116
\scratchdimen=\dimen141
\scratchbox=\box56
\nofMPsegments=\count117
\nofMParguments=\count118
\everyMPshowfont=\toks25
\MPscratchCnt=\count119
\MPscratchDim=\dimen142
\MPnumerator=\count120
\makeMPintoPDFobject=\count121
\everyMPtoPDFconversion=\toks26
) (/usr/share/texlive/texmf-dist/tex/generic/oberdiek/pdftexcmds.sty
Package: pdftexcmds 2011/11/29 v0.20 Utility functions of pdfTeX for LuaTeX (HO
)

(/usr/share/texlive/texmf-dist/tex/generic/oberdiek/ifluatex.sty
Package: ifluatex 2010/03/01 v1.3 Provides the ifluatex switch (HO)
Package ifluatex Info: LuaTeX not detected.
)
Package pdftexcmds Info: LuaTeX not detected.
Package pdftexcmds Info: \pdf@primitive is available.
Package pdftexcmds Info: \pdf@ifprimitive is available.
Package pdftexcmds Info: \pdfdraftmode found.
)
(/usr/share/texlive/texmf-dist/tex/latex/oberdiek/epstopdf-base.sty
Package: epstopdf-base 2010/02/09 v2.5 Base part for package epstopdf

(/usr/share/texlive/texmf-dist/tex/latex/oberdiek/grfext.sty
Package: grfext 2010/08/19 v1.1 Manage graphics extensions (HO)

(/usr/share/texlive/texmf-dist/tex/generic/oberdiek/kvdefinekeys.sty
Package: kvdefinekeys 2011/04/07 v1.3 Define keys (HO)
))
(/usr/share/texlive/texmf-dist/tex/latex/oberdiek/kvoptions.sty
Package: kvoptions 2011/06/30 v3.11 Key value format for package options (HO)

(/usr/share/texlive/texmf-dist/tex/generic/oberdiek/kvsetkeys.sty
Package: kvsetkeys 2012/04/25 v1.16 Key value parser (HO)

(/usr/share/texlive/texmf-dist/tex/generic/oberdiek/etexcmds.sty
Package: etexcmds 2011/02/16 v1.5 Avoid name clashes with e-TeX commands (HO)
Package etexcmds Info: Could not find \expanded.
(etexcmds)             That can mean that you are not using pdfTeX 1.50 or
(etexcmds)             that some package has redefined \expanded.
(etexcmds)             In the latter case, load this package earlier.
)))
Package grfext Info: Graphics extension search list:
(grfext)             [.png,.pdf,.jpg,.mps,.jpeg,.jbig2,.jb2,.PNG,.PDF,.JPG,.JPE
G,.JBIG2,.JB2,.eps]
(grfext)             \AppendGraphicsExtensions on input line 452.

(/usr/share/texlive/texmf-dist/tex/latex/latexconfig/epstopdf-sys.cfg
File: epstopdf-sys.cfg 2010/07/13 v1.3 Configuration of (r)epstopdf for TeX Liv
e
))
\big@size=\dimen143

*geometry* driver: auto-detecting
*geometry* detected driver: pdftex
*geometry* verbose mode - [ preamble ] result:
* driver: pdftex
* paper: a4paper
* layout: <same size as paper>
* layoutoffset:(h,v)=(0.0pt,0.0pt)
* modes: twoside 
* h-part:(L,W,R)=(71.13188pt, 455.24411pt, 71.13188pt)
* v-part:(T,H,B)=(71.13188pt, 702.78308pt, 71.13188pt)
* \paperwidth=597.50787pt
* \paperheight=845.04684pt
* \textwidth=455.24411pt
* \textheight=702.78308pt
* \oddsidemargin=-1.1381pt
* \evensidemargin=-1.1381pt
* \topmargin=-31.2056pt
* \headheight=12.0pt
* \headsep=18.06749pt
* \topskip=10.0pt
* \footskip=25.29494pt
* \marginparwidth=125.0pt
* \marginparsep=7.0pt
* \columnsep=10.0pt
* \skip\footins=9.0pt plus 4.0pt minus 2.0pt
* \hoffset=0.0pt
* \voffset=0.0pt
* \mag=1000
* \@twocolumnfalse
* \@twosidetrue
* \@mparswitchtrue
* \@reversemarginfalse
* (1in=72.27pt=25.4mm, 1cm=28.453pt)

LaTeX Font Info:    Font shape `T1/phv/m/n' will be
(Font)              scaled to size 12.9599pt on input line 108.
LaTeX Font Info:    Font shape `T1/phv/m/n' will be
(Font)              scaled to size 10.79993pt on input line 108.
LaTeX Font Info:    Font shape `T1/phv/m/n' will be
(Font)              scaled to size 8.09995pt on input line 112.
[1


{/var/lib/texmf/fonts/map/pdftex/updmap/pdftex.map}] [2

]
LaTeX Font Info:    Font shape `T1/phv/m/n' will be
(Font)              scaled to size 22.39185pt on input line 116.
LaTeX Font Info:    Font shape `T1/phv/bx/n' in size <24.88> not available
(Font)              Font shape `T1/phv/b/n' tried instead on input line 116.
LaTeX Font Info:    Font shape `T1/phv/b/n' will be
(Font)              scaled to size 22.39185pt on input line 116.
LaTeX Font Info:    Font shape `T1/phv/bc/n' will be
(Font)              scaled to size 22.39185pt on input line 116.
 (./refman.toc
LaTeX Font Info:    Font shape `T1/phv/bx/n' in size <10> not available
(Font)              Font shape `T1/phv/b/n' tried instead on input line 1.
LaTeX Font Info:    Font shape `T1/phv/b/n' will be
(Font)              scaled to size 8.99994pt on input line 1.
LaTeX Font Info:    Try loading font information for OT1+ztmcm on input line 1.


(/usr/share/texlive/texmf-dist/tex/latex/psnfss/ot1ztmcm.fd
File: ot1ztmcm.fd 2000/01/03 Fontinst v1.801 font definitions for OT1/ztmcm.
)
LaTeX Font Info:    Try loading font information for OML+ztmcm on input line 1.


(/usr/share/texlive/texmf-dist/tex/latex/psnfss/omlztmcm.fd
File: omlztmcm.fd 2000/01/03 Fontinst v1.801 font definitions for OML/ztmcm.
)
LaTeX Font Info:    Try loading font information for OMS+ztmcm on input line 1.


(/usr/share/texlive/texmf-dist/tex/latex/psnfss/omsztmcm.fd
File: omsztmcm.fd 2000/01/03 Fontinst v1.801 font definitions for OMS/ztmcm.
)
LaTeX Font Info:    Try loading font information for OMX+ztmcm on input line 1.


(/usr/share/texlive/texmf-dist/tex/latex/psnfss/omxztmcm.fd
File: omxztmcm.fd 2000/01/03 Fontinst v1.801 font definitions for OMX/ztmcm.
)
LaTeX Font Info:    Try loading font information for OT1+ptm on input line 1.

(/usr/share/texlive/texmf-dist/tex/latex/psnfss/ot1ptm.fd
File: ot1ptm.fd 2001/06/04 font definitions for OT1/ptm.
)
LaTeX Font Info:    Font shape `OT1/ptm/bx/n' in size <10> not available
(Font)              Font shape `OT1/ptm/b/n' tried instead on input line 1.
LaTeX Font Info:    Font shape `OT1/ptm/bx/n' in size <7.4> not available
(Font)              Font shape `OT1/ptm/b/n' tried instead on input line 1.
LaTeX Font Info:    Font shape `OT1/ptm/bx/n' in size <6> not available
(Font)              Font shape `OT1/ptm/b/n' tried instead on input line 1.
 [3

]

Package Fancyhdr Warning: \headheight is too small (12.0pt): 
 Make it at least 12.22644pt.
 We now make it that large for the rest of the document.
 This may cause the page layout to be inconsistent, however.

LaTeX Font Info:    Font shape `T1/phv/bx/n' in size <7> not available
(Font)              Font shape `T1/phv/b/n' tried instead on input line 71.
LaTeX Font Info:    Font shape `T1/phv/b/n' will be
(Font)              scaled to size 6.29996pt on input line 71.
[4]

Package Fancyhdr Warning: \headheight is too small (12.0pt): 
 Make it at least 12.22644pt.
 We now make it that large for the rest of the document.
 This may cause the page layout to be inconsistent, however.

[5])
\tf@toc=\write4
\openout4 = `refman.toc'.



Package Fancyhdr Warning: \headheight is too small (12.0pt): 
 Make it at least 12.22644pt.
 We now make it that large for the rest of the document.
 This may cause the page layout to be inconsistent, however.

[6]
Rozdzia\PlPrIeC {\l } 1.
LaTeX Font Info:    Font shape `T1/phv/m/n' will be
(Font)              scaled to size 18.66588pt on input line 121.
LaTeX Font Info:    Font shape `T1/phv/bx/n' in size <20.74> not available
(Font)              Font shape `T1/phv/b/n' tried instead on input line 121.
LaTeX Font Info:    Font shape `T1/phv/b/n' will be
(Font)              scaled to size 18.66588pt on input line 121.
LaTeX Font Info:    Font shape `T1/phv/bc/n' will be
(Font)              scaled to size 18.66588pt on input line 121.

(./md__home_hodor__filip_209302__l_a_b4_prj_doc__sprawozdanie__latex_sprawozdan
ie__r_e_a_d_m_e.tex) [1


] [2

]
Rozdzia\PlPrIeC {\l } 2.
(./annotated.tex
LaTeX Font Info:    Font shape `T1/phv/bx/n' in size <14.4> not available
(Font)              Font shape `T1/phv/b/n' tried instead on input line 1.
LaTeX Font Info:    Font shape `T1/phv/b/n' will be
(Font)              scaled to size 12.9599pt on input line 1.
LaTeX Font Info:    Font shape `T1/phv/bc/n' will be
(Font)              scaled to size 12.9599pt on input line 1.
) [3] [4

]
Rozdzia\PlPrIeC {\l } 3.
(./files.tex) [5] [6

]
Rozdzia\PlPrIeC {\l } 4.
(./class_benchmark.tex
LaTeX Font Info:    Font shape `OT1/ptm/bx/n' in size <14.4> not available
(Font)              Font shape `OT1/ptm/b/n' tried instead on input line 1.
LaTeX Font Info:    Font shape `OT1/ptm/bx/n' in size <10.95> not available
(Font)              Font shape `OT1/ptm/b/n' tried instead on input line 1.
LaTeX Font Info:    Font shape `OT1/ptm/bx/n' in size <8> not available
(Font)              Font shape `OT1/ptm/b/n' tried instead on input line 1.
LaTeX Font Info:    Try loading font information for T1+pcr on input line 5.
 (/usr/share/texlive/texmf-dist/tex/latex/psnfss/t1pcr.fd
File: t1pcr.fd 2001/06/04 font definitions for T1/pcr.
)
LaTeX Font Info:    Font shape `T1/phv/bx/n' in size <12> not available
(Font)              Font shape `T1/phv/b/n' tried instead on input line 7.
LaTeX Font Info:    Font shape `T1/phv/b/n' will be
(Font)              scaled to size 10.79993pt on input line 7.
LaTeX Font Info:    Font shape `T1/phv/bc/n' will be
(Font)              scaled to size 10.79993pt on input line 7.
LaTeX Font Info:    Try loading font information for TS1+phv on input line 10.
 (/usr/share/texlive/texmf-dist/tex/latex/psnfss/ts1phv.fd
File: ts1phv.fd 2001/06/04 scalable font definitions for TS1/phv.
)
LaTeX Font Info:    Font shape `TS1/phv/m/n' will be
(Font)              scaled to size 8.99994pt on input line 10.
LaTeX Font Info:    Font shape `T1/phv/bc/n' will be
(Font)              scaled to size 8.99994pt on input line 44.
 [7]
LaTeX Font Info:    Font shape `T1/phv/bc/it' in size <10> not available
(Font)              Font shape `T1/phv/bc/sl' tried instead on input line 74.
LaTeX Font Info:    Font shape `T1/phv/bc/sl' will be
(Font)              scaled to size 8.99994pt on input line 74.


LaTeX Font Warning: Font shape `T1/pcr/bc/it' undefined
(Font)              using `T1/pcr/m/n' instead on input line 74.

LaTeX Font Info:    Font shape `T1/phv/m/it' in size <10> not available
(Font)              Font shape `T1/phv/m/sl' tried instead on input line 79.
LaTeX Font Info:    Font shape `T1/phv/m/sl' will be
(Font)              scaled to size 8.99994pt on input line 79.

Underfull \hbox (badness 10000) detected at line 119
[][][]
 []


Underfull \hbox (badness 10000) detected at line 122
[][][]
 []


Underfull \hbox (badness 10000) detected at line 146
[][][]
 []

[8]
Underfull \hbox (badness 10000) detected at line 149
[][][]
 []


Underfull \hbox (badness 10000) detected at line 173
[][][]
 []


Underfull \hbox (badness 10000) detected at line 197
[][][]
 []


<class_benchmark_a5cccf1b91f7225a5c6bd395e775365b9_icgraph.pdf, id=55, 254.9525
pt x 100.375pt>
File: class_benchmark_a5cccf1b91f7225a5c6bd395e775365b9_icgraph.pdf Graphic fil
e (type pdf)

<use class_benchmark_a5cccf1b91f7225a5c6bd395e775365b9_icgraph.pdf>
Package pdftex.def Info: class_benchmark_a5cccf1b91f7225a5c6bd395e775365b9_icgr
aph.pdf used on input line 213.
(pdftex.def)             Requested size: 254.0pt x 100.00409pt.
 [9 <./class_benchmark_a5cccf1b91f7225a5c6bd395e775365b9_icgraph.pdf>]
Underfull \hbox (badness 10000) detected at line 232
[][][]
 []


Underfull \hbox (badness 10000) detected at line 253
[][][]
 []


Underfull \hbox (badness 10000) detected at line 274
[][][]
 []


Underfull \hbox (badness 10000) detected at line 277
[][][]
 []


<class_benchmark_a2d5280433fc6cb8b9c17e8ba3fdcf7c5_icgraph.pdf, id=67, 335.2525
pt x 110.4125pt>
File: class_benchmark_a2d5280433fc6cb8b9c17e8ba3fdcf7c5_icgraph.pdf Graphic fil
e (type pdf)

<use class_benchmark_a2d5280433fc6cb8b9c17e8ba3fdcf7c5_icgraph.pdf>
Package pdftex.def Info: class_benchmark_a2d5280433fc6cb8b9c17e8ba3fdcf7c5_icgr
aph.pdf used on input line 291.
(pdftex.def)             Requested size: 334.0pt x 109.99945pt.
 [10 <./class_benchmark_a2d5280433fc6cb8b9c17e8ba3fdcf7c5_icgraph.pdf>])
(./class_kolejka.tex [11]
Underfull \hbox (badness 10000) detected at line 82
[][][]
 []


<class_kolejka_a9fe17cfd429e3a29373a1e0d229733ea_icgraph.pdf, id=80, 355.3275pt
 x 100.375pt>
File: class_kolejka_a9fe17cfd429e3a29373a1e0d229733ea_icgraph.pdf Graphic file 
(type pdf)

<use class_kolejka_a9fe17cfd429e3a29373a1e0d229733ea_icgraph.pdf>
Package pdftex.def Info: class_kolejka_a9fe17cfd429e3a29373a1e0d229733ea_icgrap
h.pdf used on input line 114.
(pdftex.def)             Requested size: 350.0pt x 98.87376pt.
 [12 <./class_kolejka_a9fe17cfd429e3a29373a1e0d229733ea_icgraph.pdf>]
Underfull \hbox (badness 10000) detected at line 141
[][][]
 []


LaTeX Font Warning: Font shape `T1/pcr/bc/n' undefined
(Font)              using `T1/pcr/m/n' instead on input line 153.

) (./class_list.tex [13]
Underfull \hbox (badness 10000) detected at line 107
[][][]
 []

[14]
Underfull \hbox (badness 10000) detected at line 123
[][][]
 []


Underfull \hbox (badness 10000) detected at line 147
[][][]
 []


<class_list_a6c3e359bceddd875f6d27e75de7ed15d_icgraph.pdf, id=97, 331.2375pt x 
100.375pt>
File: class_list_a6c3e359bceddd875f6d27e75de7ed15d_icgraph.pdf Graphic file (ty
pe pdf)
 <use class_list_a6c3e359bceddd875f6d27e75de7ed15d_icgraph.pdf>
Package pdftex.def Info: class_list_a6c3e359bceddd875f6d27e75de7ed15d_icgraph.p
df used on input line 179.
(pdftex.def)             Requested size: 330.0pt x 100.00409pt.

[15 <./class_list_a6c3e359bceddd875f6d27e75de7ed15d_icgraph.pdf>]
<class_list_a2b4c57456c11a4d95bf039ae2d4e1e3c_icgraph.pdf, id=107, 275.0275pt x
 100.375pt>
File: class_list_a2b4c57456c11a4d95bf039ae2d4e1e3c_icgraph.pdf Graphic file (ty
pe pdf)
 <use class_list_a2b4c57456c11a4d95bf039ae2d4e1e3c_icgraph.pdf>
Package pdftex.def Info: class_list_a2b4c57456c11a4d95bf039ae2d4e1e3c_icgraph.p
df used on input line 209.
(pdftex.def)             Requested size: 274.0pt x 100.00868pt.

Underfull \hbox (badness 10000) detected at line 251
[][][]
 []

[16 <./class_list_a2b4c57456c11a4d95bf039ae2d4e1e3c_icgraph.pdf>])
(./struct_node.tex) (./struct_node_l.tex [17]) (./class_stack.tex [18] [19]
Underfull \hbox (badness 10000) detected at line 93
[][][]
 []


Underfull \hbox (badness 10000) detected at line 107
[][][]
 []


Underfull \hbox (badness 10000) detected at line 126
[][][]
 []


<class_stack_a892e33693ec391dd20c09a978b038a87_icgraph.pdf, id=127, 319.1925pt 
x 138.5175pt>
File: class_stack_a892e33693ec391dd20c09a978b038a87_icgraph.pdf Graphic file (t
ype pdf)
 <use class_stack_a892e33693ec391dd20c09a978b038a87_icgraph.pdf>
Package pdftex.def Info: class_stack_a892e33693ec391dd20c09a978b038a87_icgraph.
pdf used on input line 140.
(pdftex.def)             Requested size: 318.0pt x 138.00142pt.

[20]
Underfull \hbox (badness 10000) detected at line 152
[][][]
 []

) [21 <./class_stack_a892e33693ec391dd20c09a978b038a87_icgraph.pdf>] [22

]
Rozdzia\PlPrIeC {\l } 5.
(./_benchmark_8hh.tex
Underfull \hbox (badness 1824) in paragraph at lines 5--6
\T1/phv/m/n/10 Klasa \T1/phv/b/n/10 Bench-mark \T1/phv/m/n/10 (str.7[]) slu-zy 
do prze-cho-wy-wa-nia wy-ni-kow zlo-zo-no-sci ob-li-cze-nio-wej i da-nych wej-s
cio-
 []

<_benchmark_8hh__incl.pdf, id=143, 452.69125pt x 156.585pt>
File: _benchmark_8hh__incl.pdf Graphic file (type pdf)

<use _benchmark_8hh__incl.pdf>
Package pdftex.def Info: _benchmark_8hh__incl.pdf used on input line 19.
(pdftex.def)             Requested size: 350.0pt x 121.063pt.

<_benchmark_8hh__dep__incl.pdf, id=144, 216.81pt x 156.585pt>
File: _benchmark_8hh__dep__incl.pdf Graphic file (type pdf)

<use _benchmark_8hh__dep__incl.pdf>
Package pdftex.def Info: _benchmark_8hh__dep__incl.pdf used on input line 27.
(pdftex.def)             Requested size: 216.0pt x 156.00879pt.
 [23 <./_benchmark_8hh__incl.pdf> <./_benchmark_8hh__dep__incl.pdf

pdfTeX warning: pdflatex (file ./_benchmark_8hh__dep__incl.pdf): PDF inclusion:
 multiple pdfs with page group included in a single page
>]
LaTeX Font Info:    Font shape `T1/phv/m/n' will be
(Font)              scaled to size 7.19995pt on input line 38.
LaTeX Font Info:    Font shape `OT1/ptm/bx/n' in size <5> not available
(Font)              Font shape `OT1/ptm/b/n' tried instead on input line 38.

Underfull \hbox (badness 10000) detected at line 60
[][][]
 []


Underfull \hbox (badness 10000) detected at line 63
[][][]
 []


Underfull \hbox (badness 10000) detected at line 85
[][][]
 []


Underfull \hbox (badness 10000) detected at line 88
[][][]
 []

) (./_kolejka_8hh.tex
<_kolejka_8hh__dep__incl.pdf, id=159, 431.6125pt x 269.005pt>
File: _kolejka_8hh__dep__incl.pdf Graphic file (type pdf)

<use _kolejka_8hh__dep__incl.pdf>
Package pdftex.def Info: _kolejka_8hh__dep__incl.pdf used on input line 13.
(pdftex.def)             Requested size: 350.0pt x 218.14734pt.
 [24]
LaTeX Font Info:    Font shape `T1/phv/m/it' in size <9> not available
(Font)              Font shape `T1/phv/m/sl' tried instead on input line 22.
LaTeX Font Info:    Font shape `T1/phv/m/sl' will be
(Font)              scaled to size 8.09995pt on input line 22.
LaTeX Font Info:    Font shape `T1/phv/bx/it' in size <9> not available
(Font)              Font shape `T1/phv/b/it' tried instead on input line 22.
LaTeX Font Info:    Font shape `T1/phv/b/it' in size <9> not available
(Font)              Font shape `T1/phv/b/sl' tried instead on input line 22.
LaTeX Font Info:    Font shape `T1/phv/b/sl' will be
(Font)              scaled to size 8.09995pt on input line 22.
) (./_lista_8hh.tex
<_lista_8hh__incl.pdf, id=163, 193.72375pt x 156.585pt>
File: _lista_8hh__incl.pdf Graphic file (type pdf)

<use _lista_8hh__incl.pdf>
Package pdftex.def Info: _lista_8hh__incl.pdf used on input line 15.
(pdftex.def)             Requested size: 193.0pt x 156.00162pt.

<_lista_8hh__dep__incl.pdf, id=164, 502.87875pt x 269.005pt>
File: _lista_8hh__dep__incl.pdf Graphic file (type pdf)

<use _lista_8hh__dep__incl.pdf>
Package pdftex.def Info: _lista_8hh__dep__incl.pdf used on input line 23.
(pdftex.def)             Requested size: 350.0pt x 187.22267pt.

Underfull \vbox (badness 2368) has occurred while \output is active []

 [25 <./_kolejka_8hh__dep__incl.pdf> <./_lista_8hh__incl.pdf

pdfTeX warning: pdflatex (file ./_lista_8hh__incl.pdf): PDF inclusion: multiple
 pdfs with page group included in a single page
>]) (./main_8cpp.tex <main_8cpp__incl.pdf, id=182, 752.8125pt x 325.215pt>
File: main_8cpp__incl.pdf Graphic file (type pdf)

<use main_8cpp__incl.pdf>
Package pdftex.def Info: main_8cpp__incl.pdf used on input line 17.
(pdftex.def)             Requested size: 350.0pt x 151.20355pt.
 [26 <./_lista_8hh__dep__incl.pdf> <./main_8cpp__incl.pdf

pdfTeX warning: pdflatex (file ./main_8cpp__incl.pdf): PDF inclusion: multiple 
pdfs with page group included in a single page
>]
<main_8cpp_a0ddf1224851353fc92bfbff6f499fa97_cgraph.pdf, id=197, 558.085pt x 22
5.84375pt>
File: main_8cpp_a0ddf1224851353fc92bfbff6f499fa97_cgraph.pdf Graphic file (type
 pdf)
 <use main_8cpp_a0ddf1224851353fc92bfbff6f499fa97_cgraph.pdf>
Package pdftex.def Info: main_8cpp_a0ddf1224851353fc92bfbff6f499fa97_cgraph.pdf
 used on input line 47.
(pdftex.def)             Requested size: 350.0pt x 141.64133pt.
)
(./main3_8cpp.tex <main3_8cpp__incl.pdf, id=198, 810.02625pt x 325.215pt>
File: main3_8cpp__incl.pdf Graphic file (type pdf)

<use main3_8cpp__incl.pdf>
Package pdftex.def Info: main3_8cpp__incl.pdf used on input line 16.
(pdftex.def)             Requested size: 350.0pt x 140.52452pt.
 [27 <./main_8cpp_a0ddf1224851353fc92bfbff6f499fa97_cgraph.pdf> <./main3_8cpp__
incl.pdf

pdfTeX warning: pdflatex (file ./main3_8cpp__incl.pdf): PDF inclusion: multiple
 pdfs with page group included in a single page
>]
<main3_8cpp_a0ddf1224851353fc92bfbff6f499fa97_cgraph.pdf, id=213, 552.0625pt x 
225.84375pt>
File: main3_8cpp_a0ddf1224851353fc92bfbff6f499fa97_cgraph.pdf Graphic file (typ
e pdf)
 <use main3_8cpp_a0ddf1224851353fc92bfbff6f499fa97_cgraph.pdf>
Package pdftex.def Info: main3_8cpp_a0ddf1224851353fc92bfbff6f499fa97_cgraph.pd
f used on input line 46.
(pdftex.def)             Requested size: 350.0pt x 143.18863pt.
)
(./_operacje_na_plikach_8hh.tex
<_operacje_na_plikach_8hh__dep__incl.pdf, id=214, 216.81pt x 156.585pt>
File: _operacje_na_plikach_8hh__dep__incl.pdf Graphic file (type pdf)

<use _operacje_na_plikach_8hh__dep__incl.pdf>
Package pdftex.def Info: _operacje_na_plikach_8hh__dep__incl.pdf used on input 
line 8.
(pdftex.def)             Requested size: 216.0pt x 156.00879pt.
 [28 <./main3_8cpp_a0ddf1224851353fc92bfbff6f499fa97_cgraph.pdf> <./_operacje_n
a_plikach_8hh__dep__incl.pdf

pdfTeX warning: pdflatex (file ./_operacje_na_plikach_8hh__dep__incl.pdf): PDF 
inclusion: multiple pdfs with page group included in a single page
>]
Underfull \hbox (badness 10000) detected at line 37
[][][]
 []


<_operacje_na_plikach_8hh_a2f8a60c9e29287c0cf58fbd148385060_icgraph.pdf, id=229
, 256.96pt x 100.375pt>
File: _operacje_na_plikach_8hh_a2f8a60c9e29287c0cf58fbd148385060_icgraph.pdf Gr
aphic file (type pdf)

<use _operacje_na_plikach_8hh_a2f8a60c9e29287c0cf58fbd148385060_icgraph.pdf>
Package pdftex.def Info: _operacje_na_plikach_8hh_a2f8a60c9e29287c0cf58fbd14838
5060_icgraph.pdf used on input line 51.
(pdftex.def)             Requested size: 256.0pt x 100.00716pt.
)
(./_r_e_a_d_m_e_8md.tex) (./_sortowanie_8cpp.tex
<_sortowanie_8cpp__incl.pdf, id=230, 287.0725pt x 325.215pt>
File: _sortowanie_8cpp__incl.pdf Graphic file (type pdf)

<use _sortowanie_8cpp__incl.pdf>
Package pdftex.def Info: _sortowanie_8cpp__incl.pdf used on input line 9.
(pdftex.def)             Requested size: 286.0pt x 324.00833pt.

Underfull \vbox (badness 10000) has occurred while \output is active []

 [29 <./_operacje_na_plikach_8hh_a2f8a60c9e29287c0cf58fbd148385060_icgraph.pdf>
] [30 <./_sortowanie_8cpp__incl.pdf>]
<_sortowanie_8cpp_ab00f437616b519c083daf8fd32dc3c79_cgraph.pdf, id=249, 260.975
pt x 100.375pt>
File: _sortowanie_8cpp_ab00f437616b519c083daf8fd32dc3c79_cgraph.pdf Graphic fil
e (type pdf)

<use _sortowanie_8cpp_ab00f437616b519c083daf8fd32dc3c79_cgraph.pdf>
Package pdftex.def Info: _sortowanie_8cpp_ab00f437616b519c083daf8fd32dc3c79_cgr
aph.pdf used on input line 65.
(pdftex.def)             Requested size: 260.0pt x 100.00102pt.

<_sortowanie_8cpp_ab00f437616b519c083daf8fd32dc3c79_icgraph.pdf, id=250, 417.56
pt x 100.375pt>
File: _sortowanie_8cpp_ab00f437616b519c083daf8fd32dc3c79_icgraph.pdf Graphic fi
le (type pdf)

<use _sortowanie_8cpp_ab00f437616b519c083daf8fd32dc3c79_icgraph.pdf>
Package pdftex.def Info: _sortowanie_8cpp_ab00f437616b519c083daf8fd32dc3c79_icg
raph.pdf used on input line 77.
(pdftex.def)             Requested size: 350.0pt x 84.1398pt.

<_sortowanie_8cpp_a0621dcd631e5d5c2ff4080e2106c06f1_icgraph.pdf, id=251, 505.89
pt x 100.375pt>
File: _sortowanie_8cpp_a0621dcd631e5d5c2ff4080e2106c06f1_icgraph.pdf Graphic fi
le (type pdf)

<use _sortowanie_8cpp_a0621dcd631e5d5c2ff4080e2106c06f1_icgraph.pdf>
Package pdftex.def Info: _sortowanie_8cpp_a0621dcd631e5d5c2ff4080e2106c06f1_icg
raph.pdf used on input line 114.
(pdftex.def)             Requested size: 350.0pt x 69.44566pt.
 [31 <./_sortowanie_8cpp_ab00f437616b519c083daf8fd32dc3c79_cgraph.pdf> <./_sort
owanie_8cpp_ab00f437616b519c083daf8fd32dc3c79_icgraph.pdf

pdfTeX warning: pdflatex (file ./_sortowanie_8cpp_ab00f437616b519c083daf8fd32dc
3c79_icgraph.pdf): PDF inclusion: multiple pdfs with page group included in a s
ingle page
> <./_sortowanie_8cpp_a0621dcd631e5d5c2ff4080e2106c06f1_icgraph.pdf

pdfTeX warning: pdflatex (file ./_sortowanie_8cpp_a0621dcd631e5d5c2ff4080e2106c
06f1_icgraph.pdf): PDF inclusion: multiple pdfs with page group included in a s
ingle page
>]
<_sortowanie_8cpp_a08b237eec08c3e09ab1fae1f8bb1228a_cgraph.pdf, id=272, 224.84p
t x 100.375pt>
File: _sortowanie_8cpp_a08b237eec08c3e09ab1fae1f8bb1228a_cgraph.pdf Graphic fil
e (type pdf)

<use _sortowanie_8cpp_a08b237eec08c3e09ab1fae1f8bb1228a_cgraph.pdf>
Package pdftex.def Info: _sortowanie_8cpp_a08b237eec08c3e09ab1fae1f8bb1228a_cgr
aph.pdf used on input line 145.
(pdftex.def)             Requested size: 224.0pt x 100.00409pt.

<_sortowanie_8cpp_ad3c648657588dd895ff2067dbf3c1157_cgraph.pdf, id=273, 431.612
5pt x 100.375pt>
File: _sortowanie_8cpp_ad3c648657588dd895ff2067dbf3c1157_cgraph.pdf Graphic fil
e (type pdf)

<use _sortowanie_8cpp_ad3c648657588dd895ff2067dbf3c1157_cgraph.pdf>
Package pdftex.def Info: _sortowanie_8cpp_ad3c648657588dd895ff2067dbf3c1157_cgr
aph.pdf used on input line 169.
(pdftex.def)             Requested size: 350.0pt x 81.39824pt.

<_sortowanie_8cpp_ad3c648657588dd895ff2067dbf3c1157_icgraph.pdf, id=274, 289.08
pt x 100.375pt>
File: _sortowanie_8cpp_ad3c648657588dd895ff2067dbf3c1157_icgraph.pdf Graphic fi
le (type pdf)

<use _sortowanie_8cpp_ad3c648657588dd895ff2067dbf3c1157_icgraph.pdf>
Package pdftex.def Info: _sortowanie_8cpp_ad3c648657588dd895ff2067dbf3c1157_icg
raph.pdf used on input line 181.
(pdftex.def)             Requested size: 288.0pt x 100.00562pt.
 [32 <./_sortowanie_8cpp_a08b237eec08c3e09ab1fae1f8bb1228a_cgraph.pdf> <./_sort
owanie_8cpp_ad3c648657588dd895ff2067dbf3c1157_cgraph.pdf

pdfTeX warning: pdflatex (file ./_sortowanie_8cpp_ad3c648657588dd895ff2067dbf3c
1157_cgraph.pdf): PDF inclusion: multiple pdfs with page group included in a si
ngle page
> <./_sortowanie_8cpp_ad3c648657588dd895ff2067dbf3c1157_icgraph.pdf

pdfTeX warning: pdflatex (file ./_sortowanie_8cpp_ad3c648657588dd895ff2067dbf3c
1157_icgraph.pdf): PDF inclusion: multiple pdfs with page group included in a s
ingle page
>]
<_sortowanie_8cpp_a5e829d34c4e1d2f4ce4d05c5f810e6cb_cgraph.pdf, id=294, 275.027
5pt x 100.375pt>
File: _sortowanie_8cpp_a5e829d34c4e1d2f4ce4d05c5f810e6cb_cgraph.pdf Graphic fil
e (type pdf)

<use _sortowanie_8cpp_a5e829d34c4e1d2f4ce4d05c5f810e6cb_cgraph.pdf>
Package pdftex.def Info: _sortowanie_8cpp_a5e829d34c4e1d2f4ce4d05c5f810e6cb_cgr
aph.pdf used on input line 212.
(pdftex.def)             Requested size: 274.0pt x 100.00868pt.

<_sortowanie_8cpp_a370cf5f1bcb58fe847d729c9066202ba_cgraph.pdf, id=295, 441.65p
t x 100.375pt>
File: _sortowanie_8cpp_a370cf5f1bcb58fe847d729c9066202ba_cgraph.pdf Graphic fil
e (type pdf)

<use _sortowanie_8cpp_a370cf5f1bcb58fe847d729c9066202ba_cgraph.pdf>
Package pdftex.def Info: _sortowanie_8cpp_a370cf5f1bcb58fe847d729c9066202ba_cgr
aph.pdf used on input line 243.
(pdftex.def)             Requested size: 350.0pt x 79.5496pt.

<_sortowanie_8cpp_a370cf5f1bcb58fe847d729c9066202ba_icgraph.pdf, id=296, 293.09
5pt x 100.375pt>
File: _sortowanie_8cpp_a370cf5f1bcb58fe847d729c9066202ba_icgraph.pdf Graphic fi
le (type pdf)

<use _sortowanie_8cpp_a370cf5f1bcb58fe847d729c9066202ba_icgraph.pdf>
Package pdftex.def Info: _sortowanie_8cpp_a370cf5f1bcb58fe847d729c9066202ba_icg
raph.pdf used on input line 255.
(pdftex.def)             Requested size: 292.0pt x 99.9995pt.
 [33 <./_sortowanie_8cpp_a5e829d34c4e1d2f4ce4d05c5f810e6cb_cgraph.pdf> <./_sort
owanie_8cpp_a370cf5f1bcb58fe847d729c9066202ba_cgraph.pdf

pdfTeX warning: pdflatex (file ./_sortowanie_8cpp_a370cf5f1bcb58fe847d729c90662
02ba_cgraph.pdf): PDF inclusion: multiple pdfs with page group included in a si
ngle page
> <./_sortowanie_8cpp_a370cf5f1bcb58fe847d729c9066202ba_icgraph.pdf

pdfTeX warning: pdflatex (file ./_sortowanie_8cpp_a370cf5f1bcb58fe847d729c90662
02ba_icgraph.pdf): PDF inclusion: multiple pdfs with page group included in a s
ingle page
>]
<_sortowanie_8cpp_afeb0867fa199171cc82cfb1c7db6c747_icgraph.pdf, id=317, 523.95
75pt x 138.5175pt>
File: _sortowanie_8cpp_afeb0867fa199171cc82cfb1c7db6c747_icgraph.pdf Graphic fi
le (type pdf)

<use _sortowanie_8cpp_afeb0867fa199171cc82cfb1c7db6c747_icgraph.pdf>
Package pdftex.def Info: _sortowanie_8cpp_afeb0867fa199171cc82cfb1c7db6c747_icg
raph.pdf used on input line 289.
(pdftex.def)             Requested size: 350.0pt x 92.53146pt.

<_sortowanie_8cpp_af467a7de462587952ddc60c3fc097d06_icgraph.pdf, id=318, 224.84
pt x 100.375pt>
File: _sortowanie_8cpp_af467a7de462587952ddc60c3fc097d06_icgraph.pdf Graphic fi
le (type pdf)

<use _sortowanie_8cpp_af467a7de462587952ddc60c3fc097d06_icgraph.pdf>
Package pdftex.def Info: _sortowanie_8cpp_af467a7de462587952ddc60c3fc097d06_icg
raph.pdf used on input line 325.
(pdftex.def)             Requested size: 224.0pt x 100.00409pt.
 [34 <./_sortowanie_8cpp_afeb0867fa199171cc82cfb1c7db6c747_icgraph.pdf> <./_sor
towanie_8cpp_af467a7de462587952ddc60c3fc097d06_icgraph.pdf

pdfTeX warning: pdflatex (file ./_sortowanie_8cpp_af467a7de462587952ddc60c3fc09
7d06_icgraph.pdf): PDF inclusion: multiple pdfs with page group included in a s
ingle page
>]
<_sortowanie_8cpp_a8cbece89620d6af036d2f64c2129a7f5_cgraph.pdf, id=333, 266.997
5pt x 100.375pt>
File: _sortowanie_8cpp_a8cbece89620d6af036d2f64c2129a7f5_cgraph.pdf Graphic fil
e (type pdf)

<use _sortowanie_8cpp_a8cbece89620d6af036d2f64c2129a7f5_cgraph.pdf>
Package pdftex.def Info: _sortowanie_8cpp_a8cbece89620d6af036d2f64c2129a7f5_cgr
aph.pdf used on input line 359.
(pdftex.def)             Requested size: 266.0pt x 100.01021pt.

<_sortowanie_8cpp_a8cbece89620d6af036d2f64c2129a7f5_icgraph.pdf, id=334, 423.58
25pt x 100.375pt>
File: _sortowanie_8cpp_a8cbece89620d6af036d2f64c2129a7f5_icgraph.pdf Graphic fi
le (type pdf)

<use _sortowanie_8cpp_a8cbece89620d6af036d2f64c2129a7f5_icgraph.pdf>
Package pdftex.def Info: _sortowanie_8cpp_a8cbece89620d6af036d2f64c2129a7f5_icg
raph.pdf used on input line 371.
(pdftex.def)             Requested size: 350.0pt x 82.94057pt.
)
(./_sortowanie_8hh.tex
<_sortowanie_8hh__incl.pdf, id=335, 287.0725pt x 269.005pt>
File: _sortowanie_8hh__incl.pdf Graphic file (type pdf)

<use _sortowanie_8hh__incl.pdf>
Package pdftex.def Info: _sortowanie_8hh__incl.pdf used on input line 9.
(pdftex.def)             Requested size: 286.0pt x 268.00688pt.

<_sortowanie_8hh__dep__incl.pdf, id=336, 319.1925pt x 156.585pt>
File: _sortowanie_8hh__dep__incl.pdf Graphic file (type pdf)

<use _sortowanie_8hh__dep__incl.pdf>
Package pdftex.def Info: _sortowanie_8hh__dep__incl.pdf used on input line 17.
(pdftex.def)             Requested size: 318.0pt x 156.00162pt.
 [35 <./_sortowanie_8cpp_a8cbece89620d6af036d2f64c2129a7f5_cgraph.pdf> <./_sort
owanie_8cpp_a8cbece89620d6af036d2f64c2129a7f5_icgraph.pdf

pdfTeX warning: pdflatex (file ./_sortowanie_8cpp_a8cbece89620d6af036d2f64c2129
a7f5_icgraph.pdf): PDF inclusion: multiple pdfs with page group included in a s
ingle page
> <./_sortowanie_8hh__incl.pdf

pdfTeX warning: pdflatex (file ./_sortowanie_8hh__incl.pdf): PDF inclusion: mul
tiple pdfs with page group included in a single page
>]
<_sortowanie_8hh_a2f2eed0a21e81ccef5be0ac4e4e025b2_cgraph.pdf, id=356, 260.975p
t x 100.375pt>
File: _sortowanie_8hh_a2f2eed0a21e81ccef5be0ac4e4e025b2_cgraph.pdf Graphic file
 (type pdf)

<use _sortowanie_8hh_a2f2eed0a21e81ccef5be0ac4e4e025b2_cgraph.pdf>
Package pdftex.def Info: _sortowanie_8hh_a2f2eed0a21e81ccef5be0ac4e4e025b2_cgra
ph.pdf used on input line 75.
(pdftex.def)             Requested size: 260.0pt x 100.00102pt.

<_sortowanie_8hh_a2f2eed0a21e81ccef5be0ac4e4e025b2_icgraph.pdf, id=357, 417.56p
t x 100.375pt>
File: _sortowanie_8hh_a2f2eed0a21e81ccef5be0ac4e4e025b2_icgraph.pdf Graphic fil
e (type pdf)

<use _sortowanie_8hh_a2f2eed0a21e81ccef5be0ac4e4e025b2_icgraph.pdf>
Package pdftex.def Info: _sortowanie_8hh_a2f2eed0a21e81ccef5be0ac4e4e025b2_icgr
aph.pdf used on input line 87.
(pdftex.def)             Requested size: 350.0pt x 84.1398pt.
 [36 <./_sortowanie_8hh__dep__incl.pdf> <./_sortowanie_8hh_a2f2eed0a21e81ccef5b
e0ac4e4e025b2_cgraph.pdf

pdfTeX warning: pdflatex (file ./_sortowanie_8hh_a2f2eed0a21e81ccef5be0ac4e4e02
5b2_cgraph.pdf): PDF inclusion: multiple pdfs with page group included in a sin
gle page
>]
<_sortowanie_8hh_a1860ac02082a0b636ce2623b03a0f08d_icgraph.pdf, id=372, 505.89p
t x 100.375pt>
File: _sortowanie_8hh_a1860ac02082a0b636ce2623b03a0f08d_icgraph.pdf Graphic fil
e (type pdf)

<use _sortowanie_8hh_a1860ac02082a0b636ce2623b03a0f08d_icgraph.pdf>
Package pdftex.def Info: _sortowanie_8hh_a1860ac02082a0b636ce2623b03a0f08d_icgr
aph.pdf used on input line 126.
(pdftex.def)             Requested size: 350.0pt x 69.44566pt.

<_sortowanie_8hh_aa2e09d4d5398e34076a4b3fa6779c8d5_cgraph.pdf, id=373, 224.84pt
 x 100.375pt>
File: _sortowanie_8hh_aa2e09d4d5398e34076a4b3fa6779c8d5_cgraph.pdf Graphic file
 (type pdf)

<use _sortowanie_8hh_aa2e09d4d5398e34076a4b3fa6779c8d5_cgraph.pdf>
Package pdftex.def Info: _sortowanie_8hh_aa2e09d4d5398e34076a4b3fa6779c8d5_cgra
ph.pdf used on input line 159.
(pdftex.def)             Requested size: 224.0pt x 100.00409pt.
 [37 <./_sortowanie_8hh_a2f2eed0a21e81ccef5be0ac4e4e025b2_icgraph.pdf> <./_sort
owanie_8hh_a1860ac02082a0b636ce2623b03a0f08d_icgraph.pdf

pdfTeX warning: pdflatex (file ./_sortowanie_8hh_a1860ac02082a0b636ce2623b03a0f
08d_icgraph.pdf): PDF inclusion: multiple pdfs with page group included in a si
ngle page
> <./_sortowanie_8hh_aa2e09d4d5398e34076a4b3fa6779c8d5_cgraph.pdf

pdfTeX warning: pdflatex (file ./_sortowanie_8hh_aa2e09d4d5398e34076a4b3fa6779c
8d5_cgraph.pdf): PDF inclusion: multiple pdfs with page group included in a sin
gle page
>]
<_sortowanie_8hh_ad3c648657588dd895ff2067dbf3c1157_cgraph.pdf, id=394, 431.6125
pt x 100.375pt>
File: _sortowanie_8hh_ad3c648657588dd895ff2067dbf3c1157_cgraph.pdf Graphic file
 (type pdf)

<use _sortowanie_8hh_ad3c648657588dd895ff2067dbf3c1157_cgraph.pdf>
Package pdftex.def Info: _sortowanie_8hh_ad3c648657588dd895ff2067dbf3c1157_cgra
ph.pdf used on input line 183.
(pdftex.def)             Requested size: 350.0pt x 81.39824pt.

<_sortowanie_8hh_ad3c648657588dd895ff2067dbf3c1157_icgraph.pdf, id=395, 289.08p
t x 100.375pt>
File: _sortowanie_8hh_ad3c648657588dd895ff2067dbf3c1157_icgraph.pdf Graphic fil
e (type pdf)

<use _sortowanie_8hh_ad3c648657588dd895ff2067dbf3c1157_icgraph.pdf>
Package pdftex.def Info: _sortowanie_8hh_ad3c648657588dd895ff2067dbf3c1157_icgr
aph.pdf used on input line 195.
(pdftex.def)             Requested size: 288.0pt x 100.00562pt.

<_sortowanie_8hh_a5e829d34c4e1d2f4ce4d05c5f810e6cb_cgraph.pdf, id=396, 275.0275
pt x 100.375pt>
File: _sortowanie_8hh_a5e829d34c4e1d2f4ce4d05c5f810e6cb_cgraph.pdf Graphic file
 (type pdf)

<use _sortowanie_8hh_a5e829d34c4e1d2f4ce4d05c5f810e6cb_cgraph.pdf>
Package pdftex.def Info: _sortowanie_8hh_a5e829d34c4e1d2f4ce4d05c5f810e6cb_cgra
ph.pdf used on input line 228.
(pdftex.def)             Requested size: 274.0pt x 100.00868pt.
 [38 <./_sortowanie_8hh_ad3c648657588dd895ff2067dbf3c1157_cgraph.pdf> <./_sorto
wanie_8hh_ad3c648657588dd895ff2067dbf3c1157_icgraph.pdf

pdfTeX warning: pdflatex (file ./_sortowanie_8hh_ad3c648657588dd895ff2067dbf3c1
157_icgraph.pdf): PDF inclusion: multiple pdfs with page group included in a si
ngle page
> <./_sortowanie_8hh_a5e829d34c4e1d2f4ce4d05c5f810e6cb_cgraph.pdf

pdfTeX warning: pdflatex (file ./_sortowanie_8hh_a5e829d34c4e1d2f4ce4d05c5f810e
6cb_cgraph.pdf): PDF inclusion: multiple pdfs with page group included in a sin
gle page
>] [39]
<_sortowanie_8hh_a370cf5f1bcb58fe847d729c9066202ba_cgraph.pdf, id=419, 441.65pt
 x 100.375pt>
File: _sortowanie_8hh_a370cf5f1bcb58fe847d729c9066202ba_cgraph.pdf Graphic file
 (type pdf)

<use _sortowanie_8hh_a370cf5f1bcb58fe847d729c9066202ba_cgraph.pdf>
Package pdftex.def Info: _sortowanie_8hh_a370cf5f1bcb58fe847d729c9066202ba_cgra
ph.pdf used on input line 261.
(pdftex.def)             Requested size: 350.0pt x 79.5496pt.

<_sortowanie_8hh_a370cf5f1bcb58fe847d729c9066202ba_icgraph.pdf, id=420, 293.095
pt x 100.375pt>
File: _sortowanie_8hh_a370cf5f1bcb58fe847d729c9066202ba_icgraph.pdf Graphic fil
e (type pdf)

<use _sortowanie_8hh_a370cf5f1bcb58fe847d729c9066202ba_icgraph.pdf>
Package pdftex.def Info: _sortowanie_8hh_a370cf5f1bcb58fe847d729c9066202ba_icgr
aph.pdf used on input line 273.
(pdftex.def)             Requested size: 292.0pt x 99.9995pt.

<_sortowanie_8hh_afeb0867fa199171cc82cfb1c7db6c747_icgraph.pdf, id=421, 523.957
5pt x 138.5175pt>
File: _sortowanie_8hh_afeb0867fa199171cc82cfb1c7db6c747_icgraph.pdf Graphic fil
e (type pdf)

<use _sortowanie_8hh_afeb0867fa199171cc82cfb1c7db6c747_icgraph.pdf>
Package pdftex.def Info: _sortowanie_8hh_afeb0867fa199171cc82cfb1c7db6c747_icgr
aph.pdf used on input line 309.
(pdftex.def)             Requested size: 350.0pt x 92.53146pt.
 [40 <./_sortowanie_8hh_a370cf5f1bcb58fe847d729c9066202ba_cgraph.pdf> <./_sorto
wanie_8hh_a370cf5f1bcb58fe847d729c9066202ba_icgraph.pdf

pdfTeX warning: pdflatex (file ./_sortowanie_8hh_a370cf5f1bcb58fe847d729c906620
2ba_icgraph.pdf): PDF inclusion: multiple pdfs with page group included in a si
ngle page
> <./_sortowanie_8hh_afeb0867fa199171cc82cfb1c7db6c747_icgraph.pdf

pdfTeX warning: pdflatex (file ./_sortowanie_8hh_afeb0867fa199171cc82cfb1c7db6c
747_icgraph.pdf): PDF inclusion: multiple pdfs with page group included in a si
ngle page
>]
<_sortowanie_8hh_a42f1c935498843da7fbaf94f71b1177e_icgraph.pdf, id=441, 224.84p
t x 100.375pt>
File: _sortowanie_8hh_a42f1c935498843da7fbaf94f71b1177e_icgraph.pdf Graphic fil
e (type pdf)

<use _sortowanie_8hh_a42f1c935498843da7fbaf94f71b1177e_icgraph.pdf>
Package pdftex.def Info: _sortowanie_8hh_a42f1c935498843da7fbaf94f71b1177e_icgr
aph.pdf used on input line 347.
(pdftex.def)             Requested size: 224.0pt x 100.00409pt.

<_sortowanie_8hh_a8cbece89620d6af036d2f64c2129a7f5_cgraph.pdf, id=442, 266.9975
pt x 100.375pt>
File: _sortowanie_8hh_a8cbece89620d6af036d2f64c2129a7f5_cgraph.pdf Graphic file
 (type pdf)

<use _sortowanie_8hh_a8cbece89620d6af036d2f64c2129a7f5_cgraph.pdf>
Package pdftex.def Info: _sortowanie_8hh_a8cbece89620d6af036d2f64c2129a7f5_cgra
ph.pdf used on input line 383.
(pdftex.def)             Requested size: 266.0pt x 100.01021pt.

<_sortowanie_8hh_a8cbece89620d6af036d2f64c2129a7f5_icgraph.pdf, id=443, 423.582
5pt x 100.375pt>
File: _sortowanie_8hh_a8cbece89620d6af036d2f64c2129a7f5_icgraph.pdf Graphic fil
e (type pdf)

<use _sortowanie_8hh_a8cbece89620d6af036d2f64c2129a7f5_icgraph.pdf>
Package pdftex.def Info: _sortowanie_8hh_a8cbece89620d6af036d2f64c2129a7f5_icgr
aph.pdf used on input line 395.
(pdftex.def)             Requested size: 350.0pt x 82.94057pt.

Underfull \vbox (badness 10000) has occurred while \output is active []

 [41 <./_sortowanie_8hh_a42f1c935498843da7fbaf94f71b1177e_icgraph.pdf> <./_sort
owanie_8hh_a8cbece89620d6af036d2f64c2129a7f5_cgraph.pdf

pdfTeX warning: pdflatex (file ./_sortowanie_8hh_a8cbece89620d6af036d2f64c2129a
7f5_cgraph.pdf): PDF inclusion: multiple pdfs with page group included in a sin
gle page
>]) (./_stack_8hh.tex <_stack_8hh__incl.pdf, id=458, 134.5025pt x 156.585pt>
File: _stack_8hh__incl.pdf Graphic file (type pdf)

<use _stack_8hh__incl.pdf>
Package pdftex.def Info: _stack_8hh__incl.pdf used on input line 14.
(pdftex.def)             Requested size: 134.0pt x 156.00162pt.

<_stack_8hh__dep__incl.pdf, id=459, 431.6125pt x 269.005pt>
File: _stack_8hh__dep__incl.pdf Graphic file (type pdf)

<use _stack_8hh__dep__incl.pdf>
Package pdftex.def Info: _stack_8hh__dep__incl.pdf used on input line 22.
(pdftex.def)             Requested size: 350.0pt x 218.14734pt.
 [42 <./_sortowanie_8hh_a8cbece89620d6af036d2f64c2129a7f5_icgraph.pdf> <./_stac
k_8hh__incl.pdf

pdfTeX warning: pdflatex (file ./_stack_8hh__incl.pdf): PDF inclusion: multiple
 pdfs with page group included in a single page
> <./_stack_8hh__dep__incl.pdf

pdfTeX warning: pdflatex (file ./_stack_8hh__dep__incl.pdf): PDF inclusion: mul
tiple pdfs with page group included in a single page
>]
Underfull \hbox (badness 10000) detected at line 53
[][][]
 []

) (./_struktury_8hh.tex
<_struktury_8hh__incl.pdf, id=480, 287.0725pt x 212.795pt>
File: _struktury_8hh__incl.pdf Graphic file (type pdf)

<use _struktury_8hh__incl.pdf>
Package pdftex.def Info: _struktury_8hh__incl.pdf used on input line 11.
(pdftex.def)             Requested size: 286.0pt x 212.00543pt.

<_struktury_8hh__dep__incl.pdf, id=481, 431.6125pt x 212.795pt>
File: _struktury_8hh__dep__incl.pdf Graphic file (type pdf)

<use _struktury_8hh__dep__incl.pdf>
Package pdftex.def Info: _struktury_8hh__dep__incl.pdf used on input line 19.
(pdftex.def)             Requested size: 350.0pt x 172.5643pt.
) (./_zapisz_stos_kolejka_lista_8cpp.tex
[43 <./_struktury_8hh__incl.pdf>]
<_zapisz_stos_kolejka_lista_8cpp__incl.pdf, id=492, 350.30875pt x 269.005pt>
File: _zapisz_stos_kolejka_lista_8cpp__incl.pdf Graphic file (type pdf)

<use _zapisz_stos_kolejka_lista_8cpp__incl.pdf>
Package pdftex.def Info: _zapisz_stos_kolejka_lista_8cpp__incl.pdf used on inpu
t line 12.
(pdftex.def)             Requested size: 349.0pt x 268.0192pt.
 [44 <./_struktury_8hh__dep__incl.pdf> <./_zapisz_stos_kolejka_lista_8cpp__incl
.pdf

pdfTeX warning: pdflatex (file ./_zapisz_stos_kolejka_lista_8cpp__incl.pdf): PD
F inclusion: multiple pdfs with page group included in a single page
>]
<_zapisz_stos_kolejka_lista_8cpp_a73d3a7f9c1a1106d9c4bd29f47b284b0_cgraph.pdf, 
id=507, 275.0275pt x 100.375pt>
File: _zapisz_stos_kolejka_lista_8cpp_a73d3a7f9c1a1106d9c4bd29f47b284b0_cgraph.
pdf Graphic file (type pdf)

<use _zapisz_stos_kolejka_lista_8cpp_a73d3a7f9c1a1106d9c4bd29f47b284b0_cgraph.p
df>
Package pdftex.def Info: _zapisz_stos_kolejka_lista_8cpp_a73d3a7f9c1a1106d9c4bd
29f47b284b0_cgraph.pdf used on input line 58.
(pdftex.def)             Requested size: 274.0pt x 100.00868pt.

<_zapisz_stos_kolejka_lista_8cpp_a4ebb87eefdad7cefd386dd4888e26e3d_cgraph.pdf, 
id=508, 355.3275pt x 100.375pt>
File: _zapisz_stos_kolejka_lista_8cpp_a4ebb87eefdad7cefd386dd4888e26e3d_cgraph.
pdf Graphic file (type pdf)

<use _zapisz_stos_kolejka_lista_8cpp_a4ebb87eefdad7cefd386dd4888e26e3d_cgraph.p
df>
Package pdftex.def Info: _zapisz_stos_kolejka_lista_8cpp_a4ebb87eefdad7cefd386d
d4888e26e3d_cgraph.pdf used on input line 89.
(pdftex.def)             Requested size: 350.0pt x 98.87376pt.
 [45 <./_zapisz_stos_kolejka_lista_8cpp_a73d3a7f9c1a1106d9c4bd29f47b284b0_cgrap
h.pdf> <./_zapisz_stos_kolejka_lista_8cpp_a4ebb87eefdad7cefd386dd4888e26e3d_cgr
aph.pdf

pdfTeX warning: pdflatex (file ./_zapisz_stos_kolejka_lista_8cpp_a4ebb87eefdad7
cefd386dd4888e26e3d_cgraph.pdf): PDF inclusion: multiple pdfs with page group i
ncluded in a single page
>]
<_zapisz_stos_kolejka_lista_8cpp_a244eeea8d930f965ca549790df4fee65_cgraph.pdf, 
id=523, 331.2375pt x 100.375pt>
File: _zapisz_stos_kolejka_lista_8cpp_a244eeea8d930f965ca549790df4fee65_cgraph.
pdf Graphic file (type pdf)

<use _zapisz_stos_kolejka_lista_8cpp_a244eeea8d930f965ca549790df4fee65_cgraph.p
df>
Package pdftex.def Info: _zapisz_stos_kolejka_lista_8cpp_a244eeea8d930f965ca549
790df4fee65_cgraph.pdf used on input line 120.
(pdftex.def)             Requested size: 330.0pt x 100.00409pt.

<_zapisz_stos_kolejka_lista_8cpp_a5ff7487d371459d36437d05c699a39a0_cgraph.pdf, 
id=524, 319.1925pt x 100.375pt>
File: _zapisz_stos_kolejka_lista_8cpp_a5ff7487d371459d36437d05c699a39a0_cgraph.
pdf Graphic file (type pdf)

<use _zapisz_stos_kolejka_lista_8cpp_a5ff7487d371459d36437d05c699a39a0_cgraph.p
df>
Package pdftex.def Info: _zapisz_stos_kolejka_lista_8cpp_a5ff7487d371459d36437d
05c699a39a0_cgraph.pdf used on input line 151.
(pdftex.def)             Requested size: 318.0pt x 100.00102pt.
) (./_zapisz_stos_kolejka_lista_8hh.tex
<_zapisz_stos_kolejka_lista_8hh__incl.pdf, id=525, 212.795pt x 212.795pt>
File: _zapisz_stos_kolejka_lista_8hh__incl.pdf Graphic file (type pdf)

<use _zapisz_stos_kolejka_lista_8hh__incl.pdf>
Package pdftex.def Info: _zapisz_stos_kolejka_lista_8hh__incl.pdf used on input
 line 9.
(pdftex.def)             Requested size: 212.0pt x 212.01193pt.

Underfull \vbox (badness 10000) has occurred while \output is active []

 [46 <./_zapisz_stos_kolejka_lista_8cpp_a244eeea8d930f965ca549790df4fee65_cgrap
h.pdf> <./_zapisz_stos_kolejka_lista_8cpp_a5ff7487d371459d36437d05c699a39a0_cgr
aph.pdf

pdfTeX warning: pdflatex (file ./_zapisz_stos_kolejka_lista_8cpp_a5ff7487d37145
9d36437d05c699a39a0_cgraph.pdf): PDF inclusion: multiple pdfs with page group i
ncluded in a single page
>]
<_zapisz_stos_kolejka_lista_8hh__dep__incl.pdf, id=540, 373.395pt x 156.585pt>
File: _zapisz_stos_kolejka_lista_8hh__dep__incl.pdf Graphic file (type pdf)

<use _zapisz_stos_kolejka_lista_8hh__dep__incl.pdf>
Package pdftex.def Info: _zapisz_stos_kolejka_lista_8hh__dep__incl.pdf used on 
input line 17.
(pdftex.def)             Requested size: 350.0pt x 146.78134pt.
 [47 <./_zapisz_stos_kolejka_lista_8hh__incl.pdf> <./_zapisz_stos_kolejka_lista
_8hh__dep__incl.pdf

pdfTeX warning: pdflatex (file ./_zapisz_stos_kolejka_lista_8hh__dep__incl.pdf)
: PDF inclusion: multiple pdfs with page group included in a single page
>]
<_zapisz_stos_kolejka_lista_8hh_a73d3a7f9c1a1106d9c4bd29f47b284b0_cgraph.pdf, i
d=555, 275.0275pt x 100.375pt>
File: _zapisz_stos_kolejka_lista_8hh_a73d3a7f9c1a1106d9c4bd29f47b284b0_cgraph.p
df Graphic file (type pdf)

<use _zapisz_stos_kolejka_lista_8hh_a73d3a7f9c1a1106d9c4bd29f47b284b0_cgraph.pd
f>
Package pdftex.def Info: _zapisz_stos_kolejka_lista_8hh_a73d3a7f9c1a1106d9c4bd2
9f47b284b0_cgraph.pdf used on input line 65.
(pdftex.def)             Requested size: 274.0pt x 100.00868pt.

<_zapisz_stos_kolejka_lista_8hh_a4ebb87eefdad7cefd386dd4888e26e3d_cgraph.pdf, i
d=556, 355.3275pt x 100.375pt>
File: _zapisz_stos_kolejka_lista_8hh_a4ebb87eefdad7cefd386dd4888e26e3d_cgraph.p
df Graphic file (type pdf)

<use _zapisz_stos_kolejka_lista_8hh_a4ebb87eefdad7cefd386dd4888e26e3d_cgraph.pd
f>
Package pdftex.def Info: _zapisz_stos_kolejka_lista_8hh_a4ebb87eefdad7cefd386dd
4888e26e3d_cgraph.pdf used on input line 98.
(pdftex.def)             Requested size: 350.0pt x 98.87376pt.

<_zapisz_stos_kolejka_lista_8hh_a244eeea8d930f965ca549790df4fee65_cgraph.pdf, i
d=557, 331.2375pt x 100.375pt>
File: _zapisz_stos_kolejka_lista_8hh_a244eeea8d930f965ca549790df4fee65_cgraph.p
df Graphic file (type pdf)

<use _zapisz_stos_kolejka_lista_8hh_a244eeea8d930f965ca549790df4fee65_cgraph.pd
f>
Package pdftex.def Info: _zapisz_stos_kolejka_lista_8hh_a244eeea8d930f965ca5497
90df4fee65_cgraph.pdf used on input line 131.
(pdftex.def)             Requested size: 330.0pt x 100.00409pt.
 [48 <./_zapisz_stos_kolejka_lista_8hh_a73d3a7f9c1a1106d9c4bd29f47b284b0_cgraph
.pdf> <./_zapisz_stos_kolejka_lista_8hh_a4ebb87eefdad7cefd386dd4888e26e3d_cgrap
h.pdf

pdfTeX warning: pdflatex (file ./_zapisz_stos_kolejka_lista_8hh_a4ebb87eefdad7c
efd386dd4888e26e3d_cgraph.pdf): PDF inclusion: multiple pdfs with page group in
cluded in a single page
>]
<_zapisz_stos_kolejka_lista_8hh_a5ff7487d371459d36437d05c699a39a0_cgraph.pdf, i
d=572, 319.1925pt x 100.375pt>
File: _zapisz_stos_kolejka_lista_8hh_a5ff7487d371459d36437d05c699a39a0_cgraph.p
df Graphic file (type pdf)

<use _zapisz_stos_kolejka_lista_8hh_a5ff7487d371459d36437d05c699a39a0_cgraph.pd
f>
Package pdftex.def Info: _zapisz_stos_kolejka_lista_8hh_a5ff7487d371459d36437d0
5c699a39a0_cgraph.pdf used on input line 164.
(pdftex.def)             Requested size: 318.0pt x 100.00102pt.
) [49 <./_zapisz_stos_kolejka_lista_8hh_a244eeea8d930f965ca549790df4fee65_cgrap
h.pdf> <./_zapisz_stos_kolejka_lista_8hh_a5ff7487d371459d36437d05c699a39a0_cgra
ph.pdf

pdfTeX warning: pdflatex (file ./_zapisz_stos_kolejka_lista_8hh_a5ff7487d371459
d36437d05c699a39a0_cgraph.pdf): PDF inclusion: multiple pdfs with page group in
cluded in a single page
>]
No file refman.ind.
(./refman.aux)

LaTeX Font Warning: Some font shapes were not available, defaults substituted.

 ) 
Here is how much of TeX's memory you used:
 6175 strings out of 493304
 98273 string characters out of 6139871
 152900 words of memory out of 5000000
 9320 multiletter control sequences out of 15000+600000
 89779 words of font info for 124 fonts, out of 8000000 for 9000
 957 hyphenation exceptions out of 8191
 48i,13n,43p,318b,314s stack positions out of 5000i,500n,10000p,200000b,80000s
{/usr/share/texlive/texmf-dist/fonts/enc/dvips/base/8r.enc}</usr/share/texliv
e/texmf-dist/fonts/type1/public/amsfonts/cm/cmmi10.pfb></usr/share/texlive/texm
f-dist/fonts/type1/public/amsfonts/cm/cmsy10.pfb></usr/share/texlive/texmf-dist
/fonts/type1/urw/courier/ucrr8a.pfb></usr/share/texlive/texmf-dist/fonts/type1/
urw/helvetic/uhvb8a.pfb></usr/share/texlive/texmf-dist/fonts/type1/urw/helvetic
/uhvb8ac.pfb></usr/share/texlive/texmf-dist/fonts/type1/urw/helvetic/uhvbo8a.pf
b></usr/share/texlive/texmf-dist/fonts/type1/urw/helvetic/uhvbo8ac.pfb></usr/sh
are/texlive/texmf-dist/fonts/type1/urw/helvetic/uhvr8a.pfb></usr/share/texlive/
texmf-dist/fonts/type1/urw/helvetic/uhvro8a.pfb>
Output written on refman.pdf (55 pages, 278712 bytes).
PDF statistics:
 621 PDF objects out of 1000 (max. 8388607)
 428 compressed objects within 5 object streams
 0 named destinations out of 1000 (max. 500000)
 306 words of extra memory for PDF output out of 10000 (max. 10000000)

